CRITICAL - 2025-09-03 01:20:02 --> ErrorException: Cannot make non static method App\Controllers\BaseController::requireAuth() static in class App\Controllers\AuthController
[Method: GET, Route: /]
in APPPATH\Controllers\AuthController.php on line 174.
 1 [internal function]: CodeIgniter\Debug\Exceptions->shutdownHandler()
CRITICAL - 2025-09-03 01:20:06 --> ErrorException: Cannot make non static method App\Controllers\BaseController::requireAuth() static in class App\Controllers\AuthController
[Method: GET, Route: /]
in APPPATH\Controllers\AuthController.php on line 174.
 1 [internal function]: CodeIgniter\Debug\Exceptions->shutdownHandler()
CRITICAL - 2025-09-03 01:22:46 --> CodeIgniter\View\Exceptions\ViewException: Invalid file: "errors/404.php"
[Method: GET, Route: login]
in SYSTEMPATH\Exceptions\FrameworkException.php on line 39.
 1 SYSTEMPATH\View\View.php(214): CodeIgniter\Exceptions\FrameworkException::forInvalidFile('errors/404.php')
 2 SYSTEMPATH\Common.php(1167): CodeIgniter\View\View->render('errors/404', [], true)
 3 APPPATH\Config\Routes.php(85): view('errors/404')
 4 SYSTEMPATH\CodeIgniter.php(957): CodeIgniter\Router\RouteCollection->{closure}('Can\'t find a route for \'GET: login\'.')
 5 SYSTEMPATH\CodeIgniter.php(360): CodeIgniter\CodeIgniter->display404errors(Object(CodeIgniter\Exceptions\PageNotFoundException))
 6 SYSTEMPATH\Boot.php(363): CodeIgniter\CodeIgniter->run()
 7 SYSTEMPATH\Boot.php(68): CodeIgniter\Boot::runCodeIgniter(Object(CodeIgniter\CodeIgniter))
 8 FCPATH\index.php(59): CodeIgniter\Boot::bootWeb(Object(Config\Paths))
CRITICAL - 2025-09-03 01:28:02 --> ErrorException: Cannot make non static method App\Controllers\BaseController::requireAdmin() static in class App\Controllers\AuthController
[Method: GET, Route: /]
in APPPATH\Controllers\AuthController.php on line 184.
 1 [internal function]: CodeIgniter\Debug\Exceptions->shutdownHandler()
CRITICAL - 2025-09-03 01:29:19 --> ErrorException: Cannot make non static method App\Controllers\BaseController::requireAdmin() static in class App\Controllers\AuthController
[Method: GET, Route: /]
in APPPATH\Controllers\AuthController.php on line 178.
 1 [internal function]: CodeIgniter\Debug\Exceptions->shutdownHandler()
CRITICAL - 2025-09-03 01:29:22 --> CodeIgniter\View\Exceptions\ViewException: Invalid file: "errors/404.php"
[Method: GET, Route: login]
in SYSTEMPATH\Exceptions\FrameworkException.php on line 39.
 1 SYSTEMPATH\View\View.php(214): CodeIgniter\Exceptions\FrameworkException::forInvalidFile('errors/404.php')
 2 SYSTEMPATH\Common.php(1167): CodeIgniter\View\View->render('errors/404', [], true)
 3 APPPATH\Config\Routes.php(85): view('errors/404')
 4 SYSTEMPATH\CodeIgniter.php(957): CodeIgniter\Router\RouteCollection->{closure}('Can\'t find a route for \'GET: login\'.')
 5 SYSTEMPATH\CodeIgniter.php(360): CodeIgniter\CodeIgniter->display404errors(Object(CodeIgniter\Exceptions\PageNotFoundException))
 6 SYSTEMPATH\Boot.php(363): CodeIgniter\CodeIgniter->run()
 7 SYSTEMPATH\Boot.php(68): CodeIgniter\Boot::runCodeIgniter(Object(CodeIgniter\CodeIgniter))
 8 FCPATH\index.php(59): CodeIgniter\Boot::bootWeb(Object(Config\Paths))
CRITICAL - 2025-09-03 01:32:41 --> ParseError: Unclosed '{' on line 9
[Method: GET, Route: /]
in APPPATH\Controllers\AuthController.php on line 186.
 1 SYSTEMPATH\Autoloader\Autoloader.php(295): CodeIgniter\Autoloader\Autoloader->includeFile('C:\\xampp\\htdocs\\Manrealstore\\app\\Controllers\\AuthController.php')
 2 SYSTEMPATH\Autoloader\Autoloader.php(271): CodeIgniter\Autoloader\Autoloader->loadInNamespace('App\\Controllers\\AuthController')
 3 [internal function]: CodeIgniter\Autoloader\Autoloader->loadClass('App\\Controllers\\AuthController')
 4 SYSTEMPATH\CodeIgniter.php(885): class_exists('\\App\\Controllers\\AuthController', true)
 5 SYSTEMPATH\CodeIgniter.php(494): CodeIgniter\CodeIgniter->startController()
 6 SYSTEMPATH\CodeIgniter.php(354): CodeIgniter\CodeIgniter->handleRequest(null, Object(Config\Cache), false)
 7 SYSTEMPATH\Boot.php(363): CodeIgniter\CodeIgniter->run()
 8 SYSTEMPATH\Boot.php(68): CodeIgniter\Boot::runCodeIgniter(Object(CodeIgniter\CodeIgniter))
 9 FCPATH\index.php(59): CodeIgniter\Boot::bootWeb(Object(Config\Paths))
10 ROOTPATH\index.php(13): require_once('C:\\xampp\\htdocs\\Manrealstore\\public\\index.php')
CRITICAL - 2025-09-03 01:32:49 --> CodeIgniter\View\Exceptions\ViewException: Invalid file: "errors/404.php"
[Method: GET, Route: login]
in SYSTEMPATH\Exceptions\FrameworkException.php on line 39.
 1 SYSTEMPATH\View\View.php(214): CodeIgniter\Exceptions\FrameworkException::forInvalidFile('errors/404.php')
 2 SYSTEMPATH\Common.php(1167): CodeIgniter\View\View->render('errors/404', [], true)
 3 APPPATH\Config\Routes.php(85): view('errors/404')
 4 SYSTEMPATH\CodeIgniter.php(957): CodeIgniter\Router\RouteCollection->{closure}('Can\'t find a route for \'GET: login\'.')
 5 SYSTEMPATH\CodeIgniter.php(360): CodeIgniter\CodeIgniter->display404errors(Object(CodeIgniter\Exceptions\PageNotFoundException))
 6 SYSTEMPATH\Boot.php(363): CodeIgniter\CodeIgniter->run()
 7 SYSTEMPATH\Boot.php(68): CodeIgniter\Boot::runCodeIgniter(Object(CodeIgniter\CodeIgniter))
 8 FCPATH\index.php(59): CodeIgniter\Boot::bootWeb(Object(Config\Paths))
CRITICAL - 2025-09-03 01:38:46 --> ParseError: Unclosed '{' on line 9
[Method: GET, Route: /]
in APPPATH\Controllers\AuthController.php on line 186.
 1 SYSTEMPATH\Autoloader\Autoloader.php(295): CodeIgniter\Autoloader\Autoloader->includeFile('C:\\xampp\\htdocs\\Manrealstore\\app\\Controllers\\AuthController.php')
 2 SYSTEMPATH\Autoloader\Autoloader.php(271): CodeIgniter\Autoloader\Autoloader->loadInNamespace('App\\Controllers\\AuthController')
 3 [internal function]: CodeIgniter\Autoloader\Autoloader->loadClass('App\\Controllers\\AuthController')
 4 SYSTEMPATH\CodeIgniter.php(885): class_exists('\\App\\Controllers\\AuthController', true)
 5 SYSTEMPATH\CodeIgniter.php(494): CodeIgniter\CodeIgniter->startController()
 6 SYSTEMPATH\CodeIgniter.php(354): CodeIgniter\CodeIgniter->handleRequest(null, Object(Config\Cache), false)
 7 SYSTEMPATH\Boot.php(363): CodeIgniter\CodeIgniter->run()
 8 SYSTEMPATH\Boot.php(68): CodeIgniter\Boot::runCodeIgniter(Object(CodeIgniter\CodeIgniter))
 9 FCPATH\index.php(59): CodeIgniter\Boot::bootWeb(Object(Config\Paths))
10 ROOTPATH\index.php(13): require_once('C:\\xampp\\htdocs\\Manrealstore\\public\\index.php')
CRITICAL - 2025-09-03 01:42:21 --> ErrorException: Undefined variable $message
[Method: GET, Route: login]
in APPPATH\Views\errors\html\error_404.php on line 77.
 1 APPPATH\Views\errors\html\error_404.php(77): CodeIgniter\Debug\Exceptions->errorHandler(2, 'Undefined variable $message', 'C:\\xampp\\htdocs\\Manrealstore\\app\\Views\\errors\\html\\error_404.php', 77)
 2 SYSTEMPATH\View\View.php(226): include('C:\\xampp\\htdocs\\Manrealstore\\app\\Views\\errors\\html\\error_404.php')
 3 SYSTEMPATH\View\View.php(229): CodeIgniter\View\View->CodeIgniter\View\{closure}()
 4 SYSTEMPATH\Common.php(1167): CodeIgniter\View\View->render('errors/html/error_404', [], true)
 5 APPPATH\Config\Routes.php(85): view('errors/html/error_404')
 6 SYSTEMPATH\CodeIgniter.php(957): CodeIgniter\Router\RouteCollection->{closure}('Can\'t find a route for \'GET: login\'.')
 7 SYSTEMPATH\CodeIgniter.php(360): CodeIgniter\CodeIgniter->display404errors(Object(CodeIgniter\Exceptions\PageNotFoundException))
 8 SYSTEMPATH\Boot.php(363): CodeIgniter\CodeIgniter->run()
 9 SYSTEMPATH\Boot.php(68): CodeIgniter\Boot::runCodeIgniter(Object(CodeIgniter\CodeIgniter))
10 FCPATH\index.php(59): CodeIgniter\Boot::bootWeb(Object(Config\Paths))
CRITICAL - 2025-09-03 01:42:28 --> ParseError: Unclosed '{' on line 9
[Method: GET, Route: /]
in APPPATH\Controllers\AuthController.php on line 192.
 1 SYSTEMPATH\Autoloader\Autoloader.php(295): CodeIgniter\Autoloader\Autoloader->includeFile('C:\\xampp\\htdocs\\Manrealstore\\app\\Controllers\\AuthController.php')
 2 SYSTEMPATH\Autoloader\Autoloader.php(271): CodeIgniter\Autoloader\Autoloader->loadInNamespace('App\\Controllers\\AuthController')
 3 [internal function]: CodeIgniter\Autoloader\Autoloader->loadClass('App\\Controllers\\AuthController')
 4 SYSTEMPATH\CodeIgniter.php(885): class_exists('\\App\\Controllers\\AuthController', true)
 5 SYSTEMPATH\CodeIgniter.php(494): CodeIgniter\CodeIgniter->startController()
 6 SYSTEMPATH\CodeIgniter.php(354): CodeIgniter\CodeIgniter->handleRequest(null, Object(Config\Cache), false)
 7 SYSTEMPATH\Boot.php(363): CodeIgniter\CodeIgniter->run()
 8 SYSTEMPATH\Boot.php(68): CodeIgniter\Boot::runCodeIgniter(Object(CodeIgniter\CodeIgniter))
 9 FCPATH\index.php(59): CodeIgniter\Boot::bootWeb(Object(Config\Paths))
10 ROOTPATH\index.php(13): require_once('C:\\xampp\\htdocs\\Manrealstore\\public\\index.php')
CRITICAL - 2025-09-03 01:43:14 --> ErrorException: Undefined variable $message
[Method: GET, Route: login]
in APPPATH\Views\errors\html\error_404.php on line 77.
 1 APPPATH\Views\errors\html\error_404.php(77): CodeIgniter\Debug\Exceptions->errorHandler(2, 'Undefined variable $message', 'C:\\xampp\\htdocs\\Manrealstore\\app\\Views\\errors\\html\\error_404.php', 77)
 2 SYSTEMPATH\View\View.php(226): include('C:\\xampp\\htdocs\\Manrealstore\\app\\Views\\errors\\html\\error_404.php')
 3 SYSTEMPATH\View\View.php(229): CodeIgniter\View\View->CodeIgniter\View\{closure}()
 4 SYSTEMPATH\Common.php(1167): CodeIgniter\View\View->render('errors/html/error_404', [], true)
 5 APPPATH\Config\Routes.php(85): view('errors/html/error_404')
 6 SYSTEMPATH\CodeIgniter.php(957): CodeIgniter\Router\RouteCollection->{closure}('Can\'t find a route for \'GET: login\'.')
 7 SYSTEMPATH\CodeIgniter.php(360): CodeIgniter\CodeIgniter->display404errors(Object(CodeIgniter\Exceptions\PageNotFoundException))
 8 SYSTEMPATH\Boot.php(363): CodeIgniter\CodeIgniter->run()
 9 SYSTEMPATH\Boot.php(68): CodeIgniter\Boot::runCodeIgniter(Object(CodeIgniter\CodeIgniter))
10 FCPATH\index.php(59): CodeIgniter\Boot::bootWeb(Object(Config\Paths))
CRITICAL - 2025-09-03 01:46:10 --> CodeIgniter\View\Exceptions\ViewException: Invalid file: "products/create.php"
[Method: GET, Route: products/create]
in SYSTEMPATH\Exceptions\FrameworkException.php on line 39.
 1 SYSTEMPATH\View\View.php(214): CodeIgniter\Exceptions\FrameworkException::forInvalidFile('products/create.php')
 2 SYSTEMPATH\Common.php(1167): CodeIgniter\View\View->render('products/create', [], true)
 3 APPPATH\Controllers\BaseController.php(90): view('products/create', [...])
 4 APPPATH\Controllers\ProductsController.php(66): App\Controllers\BaseController->renderView('products/create', [...])
 5 SYSTEMPATH\CodeIgniter.php(933): App\Controllers\ProductsController->create()
 6 SYSTEMPATH\CodeIgniter.php(507): CodeIgniter\CodeIgniter->runController(Object(App\Controllers\ProductsController))
 7 SYSTEMPATH\CodeIgniter.php(354): CodeIgniter\CodeIgniter->handleRequest(null, Object(Config\Cache), false)
 8 SYSTEMPATH\Boot.php(363): CodeIgniter\CodeIgniter->run()
 9 SYSTEMPATH\Boot.php(68): CodeIgniter\Boot::runCodeIgniter(Object(CodeIgniter\CodeIgniter))
10 FCPATH\index.php(59): CodeIgniter\Boot::bootWeb(Object(Config\Paths))
11 ROOTPATH\index.php(13): require_once('C:\\xampp\\htdocs\\Manrealstore\\public\\index.php')
CRITICAL - 2025-09-03 01:46:20 --> Error: Call to undefined method CodeIgniter\Database\MySQLi\Builder::first()
[Method: GET, Route: reports/sales]
in APPPATH\Models\SaleModel.php on line 282.
 1 APPPATH\Controllers\ReportsController.php(47): App\Models\SaleModel->getSalesStats('2025-08-04', '2025-09-03')
 2 SYSTEMPATH\CodeIgniter.php(933): App\Controllers\ReportsController->sales()
 3 SYSTEMPATH\CodeIgniter.php(507): CodeIgniter\CodeIgniter->runController(Object(App\Controllers\ReportsController))
 4 SYSTEMPATH\CodeIgniter.php(354): CodeIgniter\CodeIgniter->handleRequest(null, Object(Config\Cache), false)
 5 SYSTEMPATH\Boot.php(363): CodeIgniter\CodeIgniter->run()
 6 SYSTEMPATH\Boot.php(68): CodeIgniter\Boot::runCodeIgniter(Object(CodeIgniter\CodeIgniter))
 7 FCPATH\index.php(59): CodeIgniter\Boot::bootWeb(Object(Config\Paths))
 8 ROOTPATH\index.php(13): require_once('C:\\xampp\\htdocs\\Manrealstore\\public\\index.php')
CRITICAL - 2025-09-03 01:46:24 --> Error: Call to undefined method CodeIgniter\Database\MySQLi\Builder::findAll()
[Method: GET, Route: reports/inventory]
in APPPATH\Models\InventoryLogModel.php on line 243.
 1 APPPATH\Controllers\ReportsController.php(74): App\Models\InventoryLogModel->getMovementSummary()
 2 SYSTEMPATH\CodeIgniter.php(933): App\Controllers\ReportsController->inventory()
 3 SYSTEMPATH\CodeIgniter.php(507): CodeIgniter\CodeIgniter->runController(Object(App\Controllers\ReportsController))
 4 SYSTEMPATH\CodeIgniter.php(354): CodeIgniter\CodeIgniter->handleRequest(null, Object(Config\Cache), false)
 5 SYSTEMPATH\Boot.php(363): CodeIgniter\CodeIgniter->run()
 6 SYSTEMPATH\Boot.php(68): CodeIgniter\Boot::runCodeIgniter(Object(CodeIgniter\CodeIgniter))
 7 FCPATH\index.php(59): CodeIgniter\Boot::bootWeb(Object(Config\Paths))
 8 ROOTPATH\index.php(13): require_once('C:\\xampp\\htdocs\\Manrealstore\\public\\index.php')
CRITICAL - 2025-09-03 01:46:27 --> CodeIgniter\View\Exceptions\ViewException: Invalid file: "products/create.php"
[Method: GET, Route: products/create]
in SYSTEMPATH\Exceptions\FrameworkException.php on line 39.
 1 SYSTEMPATH\View\View.php(214): CodeIgniter\Exceptions\FrameworkException::forInvalidFile('products/create.php')
 2 SYSTEMPATH\Common.php(1167): CodeIgniter\View\View->render('products/create', [], true)
 3 APPPATH\Controllers\BaseController.php(90): view('products/create', [...])
 4 APPPATH\Controllers\ProductsController.php(66): App\Controllers\BaseController->renderView('products/create', [...])
 5 SYSTEMPATH\CodeIgniter.php(933): App\Controllers\ProductsController->create()
 6 SYSTEMPATH\CodeIgniter.php(507): CodeIgniter\CodeIgniter->runController(Object(App\Controllers\ProductsController))
 7 SYSTEMPATH\CodeIgniter.php(354): CodeIgniter\CodeIgniter->handleRequest(null, Object(Config\Cache), false)
 8 SYSTEMPATH\Boot.php(363): CodeIgniter\CodeIgniter->run()
 9 SYSTEMPATH\Boot.php(68): CodeIgniter\Boot::runCodeIgniter(Object(CodeIgniter\CodeIgniter))
10 FCPATH\index.php(59): CodeIgniter\Boot::bootWeb(Object(Config\Paths))
11 ROOTPATH\index.php(13): require_once('C:\\xampp\\htdocs\\Manrealstore\\public\\index.php')
CRITICAL - 2025-09-03 01:47:21 --> CodeIgniter\View\Exceptions\ViewException: Invalid file: "products/create.php"
[Method: GET, Route: products/create]
in SYSTEMPATH\Exceptions\FrameworkException.php on line 39.
 1 SYSTEMPATH\View\View.php(214): CodeIgniter\Exceptions\FrameworkException::forInvalidFile('products/create.php')
 2 SYSTEMPATH\Common.php(1167): CodeIgniter\View\View->render('products/create', [], true)
 3 APPPATH\Controllers\BaseController.php(90): view('products/create', [...])
 4 APPPATH\Controllers\ProductsController.php(66): App\Controllers\BaseController->renderView('products/create', [...])
 5 SYSTEMPATH\CodeIgniter.php(933): App\Controllers\ProductsController->create()
 6 SYSTEMPATH\CodeIgniter.php(507): CodeIgniter\CodeIgniter->runController(Object(App\Controllers\ProductsController))
 7 SYSTEMPATH\CodeIgniter.php(354): CodeIgniter\CodeIgniter->handleRequest(null, Object(Config\Cache), false)
 8 SYSTEMPATH\Boot.php(363): CodeIgniter\CodeIgniter->run()
 9 SYSTEMPATH\Boot.php(68): CodeIgniter\Boot::runCodeIgniter(Object(CodeIgniter\CodeIgniter))
10 FCPATH\index.php(59): CodeIgniter\Boot::bootWeb(Object(Config\Paths))
11 ROOTPATH\index.php(13): require_once('C:\\xampp\\htdocs\\Manrealstore\\public\\index.php')
CRITICAL - 2025-09-03 01:47:46 --> Error: Call to undefined method CodeIgniter\Database\MySQLi\Builder::first()
[Method: GET, Route: reports/sales]
in APPPATH\Models\SaleModel.php on line 282.
 1 APPPATH\Controllers\ReportsController.php(47): App\Models\SaleModel->getSalesStats('2025-08-04', '2025-09-03')
 2 SYSTEMPATH\CodeIgniter.php(933): App\Controllers\ReportsController->sales()
 3 SYSTEMPATH\CodeIgniter.php(507): CodeIgniter\CodeIgniter->runController(Object(App\Controllers\ReportsController))
 4 SYSTEMPATH\CodeIgniter.php(354): CodeIgniter\CodeIgniter->handleRequest(null, Object(Config\Cache), false)
 5 SYSTEMPATH\Boot.php(363): CodeIgniter\CodeIgniter->run()
 6 SYSTEMPATH\Boot.php(68): CodeIgniter\Boot::runCodeIgniter(Object(CodeIgniter\CodeIgniter))
 7 FCPATH\index.php(59): CodeIgniter\Boot::bootWeb(Object(Config\Paths))
 8 ROOTPATH\index.php(13): require_once('C:\\xampp\\htdocs\\Manrealstore\\public\\index.php')
CRITICAL - 2025-09-03 01:48:07 --> Error: Call to undefined method CodeIgniter\Database\MySQLi\Builder::findAll()
[Method: GET, Route: reports/inventory]
in APPPATH\Models\InventoryLogModel.php on line 243.
 1 APPPATH\Controllers\ReportsController.php(74): App\Models\InventoryLogModel->getMovementSummary()
 2 SYSTEMPATH\CodeIgniter.php(933): App\Controllers\ReportsController->inventory()
 3 SYSTEMPATH\CodeIgniter.php(507): CodeIgniter\CodeIgniter->runController(Object(App\Controllers\ReportsController))
 4 SYSTEMPATH\CodeIgniter.php(354): CodeIgniter\CodeIgniter->handleRequest(null, Object(Config\Cache), false)
 5 SYSTEMPATH\Boot.php(363): CodeIgniter\CodeIgniter->run()
 6 SYSTEMPATH\Boot.php(68): CodeIgniter\Boot::runCodeIgniter(Object(CodeIgniter\CodeIgniter))
 7 FCPATH\index.php(59): CodeIgniter\Boot::bootWeb(Object(Config\Paths))
 8 ROOTPATH\index.php(13): require_once('C:\\xampp\\htdocs\\Manrealstore\\public\\index.php')
CRITICAL - 2025-09-03 01:49:20 --> ErrorException: Undefined variable $selected_category
[Method: GET, Route: products]
in APPPATH\Views\products\index.php on line 23.
 1 APPPATH\Views\products\index.php(23): CodeIgniter\Debug\Exceptions->errorHandler(2, 'Undefined variable $selected_category', 'C:\\xampp\\htdocs\\Manrealstore\\app\\Views\\products\\index.php', 23)
 2 SYSTEMPATH\View\View.php(226): include('C:\\xampp\\htdocs\\Manrealstore\\app\\Views\\products\\index.php')
 3 SYSTEMPATH\View\View.php(229): CodeIgniter\View\View->CodeIgniter\View\{closure}()
 4 SYSTEMPATH\Common.php(1167): CodeIgniter\View\View->render('products/index', [], true)
 5 APPPATH\Controllers\BaseController.php(90): view('products/index', [...])
 6 APPPATH\Controllers\ProductsController.php(49): App\Controllers\BaseController->renderView('products/index', [...])
 7 SYSTEMPATH\CodeIgniter.php(933): App\Controllers\ProductsController->index()
 8 SYSTEMPATH\CodeIgniter.php(507): CodeIgniter\CodeIgniter->runController(Object(App\Controllers\ProductsController))
 9 SYSTEMPATH\CodeIgniter.php(354): CodeIgniter\CodeIgniter->handleRequest(null, Object(Config\Cache), false)
10 SYSTEMPATH\Boot.php(363): CodeIgniter\CodeIgniter->run()
11 SYSTEMPATH\Boot.php(68): CodeIgniter\Boot::runCodeIgniter(Object(CodeIgniter\CodeIgniter))
12 FCPATH\index.php(59): CodeIgniter\Boot::bootWeb(Object(Config\Paths))
13 ROOTPATH\index.php(13): require_once('C:\\xampp\\htdocs\\Manrealstore\\public\\index.php')
CRITICAL - 2025-09-03 01:49:33 --> ErrorException: Undefined variable $selected_category
[Method: GET, Route: products]
in APPPATH\Views\products\index.php on line 23.
 1 APPPATH\Views\products\index.php(23): CodeIgniter\Debug\Exceptions->errorHandler(2, 'Undefined variable $selected_category', 'C:\\xampp\\htdocs\\Manrealstore\\app\\Views\\products\\index.php', 23)
 2 SYSTEMPATH\View\View.php(226): include('C:\\xampp\\htdocs\\Manrealstore\\app\\Views\\products\\index.php')
 3 SYSTEMPATH\View\View.php(229): CodeIgniter\View\View->CodeIgniter\View\{closure}()
 4 SYSTEMPATH\Common.php(1167): CodeIgniter\View\View->render('products/index', [], true)
 5 APPPATH\Controllers\BaseController.php(90): view('products/index', [...])
 6 APPPATH\Controllers\ProductsController.php(49): App\Controllers\BaseController->renderView('products/index', [...])
 7 SYSTEMPATH\CodeIgniter.php(933): App\Controllers\ProductsController->index()
 8 SYSTEMPATH\CodeIgniter.php(507): CodeIgniter\CodeIgniter->runController(Object(App\Controllers\ProductsController))
 9 SYSTEMPATH\CodeIgniter.php(354): CodeIgniter\CodeIgniter->handleRequest(null, Object(Config\Cache), false)
10 SYSTEMPATH\Boot.php(363): CodeIgniter\CodeIgniter->run()
11 SYSTEMPATH\Boot.php(68): CodeIgniter\Boot::runCodeIgniter(Object(CodeIgniter\CodeIgniter))
12 FCPATH\index.php(59): CodeIgniter\Boot::bootWeb(Object(Config\Paths))
13 ROOTPATH\index.php(13): require_once('C:\\xampp\\htdocs\\Manrealstore\\public\\index.php')
CRITICAL - 2025-09-03 01:49:47 --> CodeIgniter\View\Exceptions\ViewException: Invalid file: "products/create.php"
[Method: GET, Route: products/create]
in SYSTEMPATH\Exceptions\FrameworkException.php on line 39.
 1 SYSTEMPATH\View\View.php(214): CodeIgniter\Exceptions\FrameworkException::forInvalidFile('products/create.php')
 2 SYSTEMPATH\Common.php(1167): CodeIgniter\View\View->render('products/create', [], true)
 3 APPPATH\Controllers\BaseController.php(90): view('products/create', [...])
 4 APPPATH\Controllers\ProductsController.php(66): App\Controllers\BaseController->renderView('products/create', [...])
 5 SYSTEMPATH\CodeIgniter.php(933): App\Controllers\ProductsController->create()
 6 SYSTEMPATH\CodeIgniter.php(507): CodeIgniter\CodeIgniter->runController(Object(App\Controllers\ProductsController))
 7 SYSTEMPATH\CodeIgniter.php(354): CodeIgniter\CodeIgniter->handleRequest(null, Object(Config\Cache), false)
 8 SYSTEMPATH\Boot.php(363): CodeIgniter\CodeIgniter->run()
 9 SYSTEMPATH\Boot.php(68): CodeIgniter\Boot::runCodeIgniter(Object(CodeIgniter\CodeIgniter))
10 FCPATH\index.php(59): CodeIgniter\Boot::bootWeb(Object(Config\Paths))
11 ROOTPATH\index.php(13): require_once('C:\\xampp\\htdocs\\Manrealstore\\public\\index.php')
CRITICAL - 2025-09-03 01:50:27 --> ErrorException: Array to string conversion
[Method: GET, Route: products/create]
in APPPATH\Views\products\create.php on line 51.
 1 APPPATH\Views\products\create.php(51): CodeIgniter\Debug\Exceptions->errorHandler(2, 'Array to string conversion', 'C:\\xampp\\htdocs\\Manrealstore\\app\\Views\\products\\create.php', 51)
 2 SYSTEMPATH\View\View.php(226): include('C:\\xampp\\htdocs\\Manrealstore\\app\\Views\\products\\create.php')
 3 SYSTEMPATH\View\View.php(229): CodeIgniter\View\View->CodeIgniter\View\{closure}()
 4 SYSTEMPATH\Common.php(1167): CodeIgniter\View\View->render('products/create', [], true)
 5 APPPATH\Controllers\BaseController.php(90): view('products/create', [...])
 6 APPPATH\Controllers\ProductsController.php(66): App\Controllers\BaseController->renderView('products/create', [...])
 7 SYSTEMPATH\CodeIgniter.php(933): App\Controllers\ProductsController->create()
 8 SYSTEMPATH\CodeIgniter.php(507): CodeIgniter\CodeIgniter->runController(Object(App\Controllers\ProductsController))
 9 SYSTEMPATH\CodeIgniter.php(354): CodeIgniter\CodeIgniter->handleRequest(null, Object(Config\Cache), false)
10 SYSTEMPATH\Boot.php(363): CodeIgniter\CodeIgniter->run()
11 SYSTEMPATH\Boot.php(68): CodeIgniter\Boot::runCodeIgniter(Object(CodeIgniter\CodeIgniter))
12 FCPATH\index.php(59): CodeIgniter\Boot::bootWeb(Object(Config\Paths))
13 ROOTPATH\index.php(13): require_once('C:\\xampp\\htdocs\\Manrealstore\\public\\index.php')
CRITICAL - 2025-09-03 01:50:31 --> CodeIgniter\View\Exceptions\ViewException: Invalid file: "reports/sales.php"
[Method: GET, Route: reports/sales]
in SYSTEMPATH\Exceptions\FrameworkException.php on line 39.
 1 SYSTEMPATH\View\View.php(214): CodeIgniter\Exceptions\FrameworkException::forInvalidFile('reports/sales.php')
 2 SYSTEMPATH\Common.php(1167): CodeIgniter\View\View->render('reports/sales', [], true)
 3 APPPATH\Controllers\BaseController.php(90): view('reports/sales', [...])
 4 APPPATH\Controllers\ReportsController.php(62): App\Controllers\BaseController->renderView('reports/sales', [...])
 5 SYSTEMPATH\CodeIgniter.php(933): App\Controllers\ReportsController->sales()
 6 SYSTEMPATH\CodeIgniter.php(507): CodeIgniter\CodeIgniter->runController(Object(App\Controllers\ReportsController))
 7 SYSTEMPATH\CodeIgniter.php(354): CodeIgniter\CodeIgniter->handleRequest(null, Object(Config\Cache), false)
 8 SYSTEMPATH\Boot.php(363): CodeIgniter\CodeIgniter->run()
 9 SYSTEMPATH\Boot.php(68): CodeIgniter\Boot::runCodeIgniter(Object(CodeIgniter\CodeIgniter))
10 FCPATH\index.php(59): CodeIgniter\Boot::bootWeb(Object(Config\Paths))
11 ROOTPATH\index.php(13): require_once('C:\\xampp\\htdocs\\Manrealstore\\public\\index.php')
CRITICAL - 2025-09-03 01:50:34 --> CodeIgniter\View\Exceptions\ViewException: Invalid file: "reports/inventory.php"
[Method: GET, Route: reports/inventory]
in SYSTEMPATH\Exceptions\FrameworkException.php on line 39.
 1 SYSTEMPATH\View\View.php(214): CodeIgniter\Exceptions\FrameworkException::forInvalidFile('reports/inventory.php')
 2 SYSTEMPATH\Common.php(1167): CodeIgniter\View\View->render('reports/inventory', [], true)
 3 APPPATH\Controllers\BaseController.php(90): view('reports/inventory', [...])
 4 APPPATH\Controllers\ReportsController.php(85): App\Controllers\BaseController->renderView('reports/inventory', [...])
 5 SYSTEMPATH\CodeIgniter.php(933): App\Controllers\ReportsController->inventory()
 6 SYSTEMPATH\CodeIgniter.php(507): CodeIgniter\CodeIgniter->runController(Object(App\Controllers\ReportsController))
 7 SYSTEMPATH\CodeIgniter.php(354): CodeIgniter\CodeIgniter->handleRequest(null, Object(Config\Cache), false)
 8 SYSTEMPATH\Boot.php(363): CodeIgniter\CodeIgniter->run()
 9 SYSTEMPATH\Boot.php(68): CodeIgniter\Boot::runCodeIgniter(Object(CodeIgniter\CodeIgniter))
10 FCPATH\index.php(59): CodeIgniter\Boot::bootWeb(Object(Config\Paths))
11 ROOTPATH\index.php(13): require_once('C:\\xampp\\htdocs\\Manrealstore\\public\\index.php')
CRITICAL - 2025-09-03 01:50:38 --> ErrorException: Undefined variable $selected_category
[Method: GET, Route: products]
in APPPATH\Views\products\index.php on line 23.
 1 APPPATH\Views\products\index.php(23): CodeIgniter\Debug\Exceptions->errorHandler(2, 'Undefined variable $selected_category', 'C:\\xampp\\htdocs\\Manrealstore\\app\\Views\\products\\index.php', 23)
 2 SYSTEMPATH\View\View.php(226): include('C:\\xampp\\htdocs\\Manrealstore\\app\\Views\\products\\index.php')
 3 SYSTEMPATH\View\View.php(229): CodeIgniter\View\View->CodeIgniter\View\{closure}()
 4 SYSTEMPATH\Common.php(1167): CodeIgniter\View\View->render('products/index', [], true)
 5 APPPATH\Controllers\BaseController.php(90): view('products/index', [...])
 6 APPPATH\Controllers\ProductsController.php(49): App\Controllers\BaseController->renderView('products/index', [...])
 7 SYSTEMPATH\CodeIgniter.php(933): App\Controllers\ProductsController->index()
 8 SYSTEMPATH\CodeIgniter.php(507): CodeIgniter\CodeIgniter->runController(Object(App\Controllers\ProductsController))
 9 SYSTEMPATH\CodeIgniter.php(354): CodeIgniter\CodeIgniter->handleRequest(null, Object(Config\Cache), false)
10 SYSTEMPATH\Boot.php(363): CodeIgniter\CodeIgniter->run()
11 SYSTEMPATH\Boot.php(68): CodeIgniter\Boot::runCodeIgniter(Object(CodeIgniter\CodeIgniter))
12 FCPATH\index.php(59): CodeIgniter\Boot::bootWeb(Object(Config\Paths))
13 ROOTPATH\index.php(13): require_once('C:\\xampp\\htdocs\\Manrealstore\\public\\index.php')
CRITICAL - 2025-09-03 01:51:01 --> ErrorException: Array to string conversion
[Method: GET, Route: products/create]
in APPPATH\Views\products\create.php on line 51.
 1 APPPATH\Views\products\create.php(51): CodeIgniter\Debug\Exceptions->errorHandler(2, 'Array to string conversion', 'C:\\xampp\\htdocs\\Manrealstore\\app\\Views\\products\\create.php', 51)
 2 SYSTEMPATH\View\View.php(226): include('C:\\xampp\\htdocs\\Manrealstore\\app\\Views\\products\\create.php')
 3 SYSTEMPATH\View\View.php(229): CodeIgniter\View\View->CodeIgniter\View\{closure}()
 4 SYSTEMPATH\Common.php(1167): CodeIgniter\View\View->render('products/create', [], true)
 5 APPPATH\Controllers\BaseController.php(90): view('products/create', [...])
 6 APPPATH\Controllers\ProductsController.php(66): App\Controllers\BaseController->renderView('products/create', [...])
 7 SYSTEMPATH\CodeIgniter.php(933): App\Controllers\ProductsController->create()
 8 SYSTEMPATH\CodeIgniter.php(507): CodeIgniter\CodeIgniter->runController(Object(App\Controllers\ProductsController))
 9 SYSTEMPATH\CodeIgniter.php(354): CodeIgniter\CodeIgniter->handleRequest(null, Object(Config\Cache), false)
10 SYSTEMPATH\Boot.php(363): CodeIgniter\CodeIgniter->run()
11 SYSTEMPATH\Boot.php(68): CodeIgniter\Boot::runCodeIgniter(Object(CodeIgniter\CodeIgniter))
12 FCPATH\index.php(59): CodeIgniter\Boot::bootWeb(Object(Config\Paths))
13 ROOTPATH\index.php(13): require_once('C:\\xampp\\htdocs\\Manrealstore\\public\\index.php')
CRITICAL - 2025-09-03 01:51:41 --> CodeIgniter\View\Exceptions\ViewException: Invalid file: "reports/sales.php"
[Method: GET, Route: reports/sales]
in SYSTEMPATH\Exceptions\FrameworkException.php on line 39.
 1 SYSTEMPATH\View\View.php(214): CodeIgniter\Exceptions\FrameworkException::forInvalidFile('reports/sales.php')
 2 SYSTEMPATH\Common.php(1167): CodeIgniter\View\View->render('reports/sales', [], true)
 3 APPPATH\Controllers\BaseController.php(90): view('reports/sales', [...])
 4 APPPATH\Controllers\ReportsController.php(62): App\Controllers\BaseController->renderView('reports/sales', [...])
 5 SYSTEMPATH\CodeIgniter.php(933): App\Controllers\ReportsController->sales()
 6 SYSTEMPATH\CodeIgniter.php(507): CodeIgniter\CodeIgniter->runController(Object(App\Controllers\ReportsController))
 7 SYSTEMPATH\CodeIgniter.php(354): CodeIgniter\CodeIgniter->handleRequest(null, Object(Config\Cache), false)
 8 SYSTEMPATH\Boot.php(363): CodeIgniter\CodeIgniter->run()
 9 SYSTEMPATH\Boot.php(68): CodeIgniter\Boot::runCodeIgniter(Object(CodeIgniter\CodeIgniter))
10 FCPATH\index.php(59): CodeIgniter\Boot::bootWeb(Object(Config\Paths))
11 ROOTPATH\index.php(13): require_once('C:\\xampp\\htdocs\\Manrealstore\\public\\index.php')
CRITICAL - 2025-09-03 01:52:16 --> CodeIgniter\View\Exceptions\ViewException: Invalid file: "reports/inventory.php"
[Method: GET, Route: reports/inventory]
in SYSTEMPATH\Exceptions\FrameworkException.php on line 39.
 1 SYSTEMPATH\View\View.php(214): CodeIgniter\Exceptions\FrameworkException::forInvalidFile('reports/inventory.php')
 2 SYSTEMPATH\Common.php(1167): CodeIgniter\View\View->render('reports/inventory', [], true)
 3 APPPATH\Controllers\BaseController.php(90): view('reports/inventory', [...])
 4 APPPATH\Controllers\ReportsController.php(85): App\Controllers\BaseController->renderView('reports/inventory', [...])
 5 SYSTEMPATH\CodeIgniter.php(933): App\Controllers\ReportsController->inventory()
 6 SYSTEMPATH\CodeIgniter.php(507): CodeIgniter\CodeIgniter->runController(Object(App\Controllers\ReportsController))
 7 SYSTEMPATH\CodeIgniter.php(354): CodeIgniter\CodeIgniter->handleRequest(null, Object(Config\Cache), false)
 8 SYSTEMPATH\Boot.php(363): CodeIgniter\CodeIgniter->run()
 9 SYSTEMPATH\Boot.php(68): CodeIgniter\Boot::runCodeIgniter(Object(CodeIgniter\CodeIgniter))
10 FCPATH\index.php(59): CodeIgniter\Boot::bootWeb(Object(Config\Paths))
11 ROOTPATH\index.php(13): require_once('C:\\xampp\\htdocs\\Manrealstore\\public\\index.php')
ERROR - 2025-09-03 02:01:01 --> mysqli_sql_exception: Duplicate entry 'admin' for key 'username' in C:\xampp\htdocs\Manrealstore\system\Database\MySQLi\Connection.php:327
Stack trace:
#0 C:\xampp\htdocs\Manrealstore\system\Database\MySQLi\Connection.php(327): mysqli->query('INSERT INTO `us...', 0)
#1 C:\xampp\htdocs\Manrealstore\system\Database\BaseConnection.php(729): CodeIgniter\Database\MySQLi\Connection->execute('INSERT INTO `us...')
#2 C:\xampp\htdocs\Manrealstore\system\Database\BaseConnection.php(646): CodeIgniter\Database\BaseConnection->simpleQuery('INSERT INTO `us...')
#3 C:\xampp\htdocs\Manrealstore\system\Database\BaseBuilder.php(1841): CodeIgniter\Database\BaseConnection->query('INSERT INTO `us...', NULL, false)
#4 C:\xampp\htdocs\Manrealstore\system\Database\BaseBuilder.php(2230): CodeIgniter\Database\BaseBuilder->batchExecute('_insertBatch', 100)
#5 C:\xampp\htdocs\Manrealstore\app\Database\Seeds\UserSeeder.php(44): CodeIgniter\Database\BaseBuilder->insertBatch(Array)
#6 C:\xampp\htdocs\Manrealstore\system\Database\Seeder.php(149): App\Database\Seeds\UserSeeder->run()
#7 C:\xampp\htdocs\Manrealstore\system\Commands\Database\Seed.php(79): CodeIgniter\Database\Seeder->call('App\\Database\\Se...')
#8 C:\xampp\htdocs\Manrealstore\system\CLI\Commands.php(74): CodeIgniter\Commands\Database\Seed->run(Array)
#9 C:\xampp\htdocs\Manrealstore\system\CLI\Console.php(47): CodeIgniter\CLI\Commands->run('db:seed', Array)
#10 C:\xampp\htdocs\Manrealstore\system\Boot.php(388): CodeIgniter\CLI\Console->run()
#11 C:\xampp\htdocs\Manrealstore\system\Boot.php(133): CodeIgniter\Boot::runCommand(Object(CodeIgniter\CLI\Console))
#12 C:\xampp\htdocs\Manrealstore\spark(87): CodeIgniter\Boot::bootSpark(Object(Config\Paths))
#13 {main}
ERROR - 2025-09-03 02:02:04 --> mysqli_sql_exception: Duplicate entry 'admin' for key 'username' in C:\xampp\htdocs\Manrealstore\system\Database\MySQLi\Connection.php:327
Stack trace:
#0 C:\xampp\htdocs\Manrealstore\system\Database\MySQLi\Connection.php(327): mysqli->query('INSERT INTO `us...', 0)
#1 C:\xampp\htdocs\Manrealstore\system\Database\BaseConnection.php(729): CodeIgniter\Database\MySQLi\Connection->execute('INSERT INTO `us...')
#2 C:\xampp\htdocs\Manrealstore\system\Database\BaseConnection.php(646): CodeIgniter\Database\BaseConnection->simpleQuery('INSERT INTO `us...')
#3 C:\xampp\htdocs\Manrealstore\system\Database\BaseBuilder.php(1841): CodeIgniter\Database\BaseConnection->query('INSERT INTO `us...', NULL, false)
#4 C:\xampp\htdocs\Manrealstore\system\Database\BaseBuilder.php(2230): CodeIgniter\Database\BaseBuilder->batchExecute('_insertBatch', 100)
#5 C:\xampp\htdocs\Manrealstore\app\Database\Seeds\UserSeeder.php(44): CodeIgniter\Database\BaseBuilder->insertBatch(Array)
#6 C:\xampp\htdocs\Manrealstore\system\Database\Seeder.php(149): App\Database\Seeds\UserSeeder->run()
#7 C:\xampp\htdocs\Manrealstore\system\Commands\Database\Seed.php(79): CodeIgniter\Database\Seeder->call('App\\Database\\Se...')
#8 C:\xampp\htdocs\Manrealstore\system\CLI\Commands.php(74): CodeIgniter\Commands\Database\Seed->run(Array)
#9 C:\xampp\htdocs\Manrealstore\system\CLI\Console.php(47): CodeIgniter\CLI\Commands->run('db:seed', Array)
#10 C:\xampp\htdocs\Manrealstore\system\Boot.php(388): CodeIgniter\CLI\Console->run()
#11 C:\xampp\htdocs\Manrealstore\system\Boot.php(133): CodeIgniter\Boot::runCommand(Object(CodeIgniter\CLI\Console))
#12 C:\xampp\htdocs\Manrealstore\spark(87): CodeIgniter\Boot::bootSpark(Object(Config\Paths))
#13 {main}
ERROR - 2025-09-03 02:02:20 --> mysqli_sql_exception: Duplicate entry 'CIG001' for key 'product_code' in C:\xampp\htdocs\Manrealstore\system\Database\MySQLi\Connection.php:327
Stack trace:
#0 C:\xampp\htdocs\Manrealstore\system\Database\MySQLi\Connection.php(327): mysqli->query('INSERT INTO `pr...', 0)
#1 C:\xampp\htdocs\Manrealstore\system\Database\BaseConnection.php(729): CodeIgniter\Database\MySQLi\Connection->execute('INSERT INTO `pr...')
#2 C:\xampp\htdocs\Manrealstore\system\Database\BaseConnection.php(646): CodeIgniter\Database\BaseConnection->simpleQuery('INSERT INTO `pr...')
#3 C:\xampp\htdocs\Manrealstore\system\Database\BaseBuilder.php(1841): CodeIgniter\Database\BaseConnection->query('INSERT INTO `pr...', NULL, false)
#4 C:\xampp\htdocs\Manrealstore\system\Database\BaseBuilder.php(2230): CodeIgniter\Database\BaseBuilder->batchExecute('_insertBatch', 100)
#5 C:\xampp\htdocs\Manrealstore\app\Database\Seeds\ProductSeeder.php(144): CodeIgniter\Database\BaseBuilder->insertBatch(Array)
#6 C:\xampp\htdocs\Manrealstore\system\Database\Seeder.php(149): App\Database\Seeds\ProductSeeder->run()
#7 C:\xampp\htdocs\Manrealstore\system\Commands\Database\Seed.php(79): CodeIgniter\Database\Seeder->call('App\\Database\\Se...')
#8 C:\xampp\htdocs\Manrealstore\system\CLI\Commands.php(74): CodeIgniter\Commands\Database\Seed->run(Array)
#9 C:\xampp\htdocs\Manrealstore\system\CLI\Console.php(47): CodeIgniter\CLI\Commands->run('db:seed', Array)
#10 C:\xampp\htdocs\Manrealstore\system\Boot.php(388): CodeIgniter\CLI\Console->run()
#11 C:\xampp\htdocs\Manrealstore\system\Boot.php(133): CodeIgniter\Boot::runCommand(Object(CodeIgniter\CLI\Console))
#12 C:\xampp\htdocs\Manrealstore\spark(87): CodeIgniter\Boot::bootSpark(Object(Config\Paths))
#13 {main}
CRITICAL - 2025-09-03 02:04:01 --> ErrorException: Undefined variable $total_pages
[Method: GET, Route: products]
in APPPATH\Views\products\index.php on line 136.
 1 APPPATH\Views\products\index.php(136): CodeIgniter\Debug\Exceptions->errorHandler(2, 'Undefined variable $total_pages', 'C:\\xampp\\htdocs\\Manrealstore\\app\\Views\\products\\index.php', 136)
 2 SYSTEMPATH\View\View.php(226): include('C:\\xampp\\htdocs\\Manrealstore\\app\\Views\\products\\index.php')
 3 SYSTEMPATH\View\View.php(229): CodeIgniter\View\View->CodeIgniter\View\{closure}()
 4 SYSTEMPATH\Common.php(1167): CodeIgniter\View\View->render('products/index', [], true)
 5 APPPATH\Controllers\BaseController.php(90): view('products/index', [...])
 6 APPPATH\Controllers\ProductsController.php(50): App\Controllers\BaseController->renderView('products/index', [...])
 7 SYSTEMPATH\CodeIgniter.php(933): App\Controllers\ProductsController->index()
 8 SYSTEMPATH\CodeIgniter.php(507): CodeIgniter\CodeIgniter->runController(Object(App\Controllers\ProductsController))
 9 SYSTEMPATH\CodeIgniter.php(354): CodeIgniter\CodeIgniter->handleRequest(null, Object(Config\Cache), false)
10 SYSTEMPATH\Boot.php(363): CodeIgniter\CodeIgniter->run()
11 SYSTEMPATH\Boot.php(68): CodeIgniter\Boot::runCodeIgniter(Object(CodeIgniter\CodeIgniter))
12 FCPATH\index.php(35): CodeIgniter\Boot::bootWeb(Object(Config\Paths))
