ERROR - 2025-11-12 05:45:50 --> mysqli_sql_exception: Duplicate entry 'admin' for key 'username' in C:\xampp\htdocs\Manrealstore\system\Database\MySQLi\Connection.php:327
Stack trace:
#0 C:\xampp\htdocs\Manrealstore\system\Database\MySQLi\Connection.php(327): mysqli->query('INSERT INTO `us...', 0)
#1 C:\xampp\htdocs\Manrealstore\system\Database\BaseConnection.php(729): CodeIgniter\Database\MySQLi\Connection->execute('INSERT INTO `us...')
#2 C:\xampp\htdocs\Manrealstore\system\Database\BaseConnection.php(646): CodeIgniter\Database\BaseConnection->simpleQuery('INSERT INTO `us...')
#3 C:\xampp\htdocs\Manrealstore\system\Database\BaseBuilder.php(1841): CodeIgniter\Database\BaseConnection->query('INSERT INTO `us...', NULL, false)
#4 C:\xampp\htdocs\Manrealstore\system\Database\BaseBuilder.php(2230): CodeIgniter\Database\BaseBuilder->batchExecute('_insertBatch', 100)
#5 C:\xampp\htdocs\Manrealstore\app\Database\Seeds\UserSeeder.php(44): CodeIgniter\Database\BaseBuilder->insertBatch(Array)
#6 C:\xampp\htdocs\Manrealstore\system\Database\Seeder.php(149): App\Database\Seeds\UserSeeder->run()
#7 C:\xampp\htdocs\Manrealstore\system\Commands\Database\Seed.php(79): CodeIgniter\Database\Seeder->call('App\\Database\\Se...')
#8 C:\xampp\htdocs\Manrealstore\system\CLI\Commands.php(74): CodeIgniter\Commands\Database\Seed->run(Array)
#9 C:\xampp\htdocs\Manrealstore\system\CLI\Console.php(47): CodeIgniter\CLI\Commands->run('db:seed', Array)
#10 C:\xampp\htdocs\Manrealstore\system\Boot.php(388): CodeIgniter\CLI\Console->run()
#11 C:\xampp\htdocs\Manrealstore\system\Boot.php(133): CodeIgniter\Boot::runCommand(Object(CodeIgniter\CLI\Console))
#12 C:\xampp\htdocs\Manrealstore\spark(87): CodeIgniter\Boot::bootSpark(Object(Config\Paths))
#13 {main}
ERROR - 2025-11-12 05:46:18 --> mysqli_sql_exception: Duplicate entry 'CIG001' for key 'product_code' in C:\xampp\htdocs\Manrealstore\system\Database\MySQLi\Connection.php:327
Stack trace:
#0 C:\xampp\htdocs\Manrealstore\system\Database\MySQLi\Connection.php(327): mysqli->query('INSERT INTO `pr...', 0)
#1 C:\xampp\htdocs\Manrealstore\system\Database\BaseConnection.php(729): CodeIgniter\Database\MySQLi\Connection->execute('INSERT INTO `pr...')
#2 C:\xampp\htdocs\Manrealstore\system\Database\BaseConnection.php(646): CodeIgniter\Database\BaseConnection->simpleQuery('INSERT INTO `pr...')
#3 C:\xampp\htdocs\Manrealstore\system\Database\BaseBuilder.php(1841): CodeIgniter\Database\BaseConnection->query('INSERT INTO `pr...', NULL, false)
#4 C:\xampp\htdocs\Manrealstore\system\Database\BaseBuilder.php(2230): CodeIgniter\Database\BaseBuilder->batchExecute('_insertBatch', 100)
#5 C:\xampp\htdocs\Manrealstore\app\Database\Seeds\ProductSeeder.php(144): CodeIgniter\Database\BaseBuilder->insertBatch(Array)
#6 C:\xampp\htdocs\Manrealstore\system\Database\Seeder.php(149): App\Database\Seeds\ProductSeeder->run()
#7 C:\xampp\htdocs\Manrealstore\system\Commands\Database\Seed.php(79): CodeIgniter\Database\Seeder->call('App\\Database\\Se...')
#8 C:\xampp\htdocs\Manrealstore\system\CLI\Commands.php(74): CodeIgniter\Commands\Database\Seed->run(Array)
#9 C:\xampp\htdocs\Manrealstore\system\CLI\Console.php(47): CodeIgniter\CLI\Commands->run('db:seed', Array)
#10 C:\xampp\htdocs\Manrealstore\system\Boot.php(388): CodeIgniter\CLI\Console->run()
#11 C:\xampp\htdocs\Manrealstore\system\Boot.php(133): CodeIgniter\Boot::runCommand(Object(CodeIgniter\CLI\Console))
#12 C:\xampp\htdocs\Manrealstore\spark(87): CodeIgniter\Boot::bootSpark(Object(Config\Paths))
#13 {main}
CRITICAL - 2025-11-12 05:50:56 --> CodeIgniter\View\Exceptions\ViewException: Invalid file: "products/show.php"
[Method: GET, Route: products/show/2]
in SYSTEMPATH\Exceptions\FrameworkException.php on line 39.
 1 SYSTEMPATH\View\View.php(214): CodeIgniter\Exceptions\FrameworkException::forInvalidFile('products/show.php')
 2 SYSTEMPATH\Common.php(1167): CodeIgniter\View\View->render('products/show', [], true)
 3 APPPATH\Controllers\BaseController.php(97): view('products/show', [...])
 4 APPPATH\Controllers\ProductsController.php(241): App\Controllers\BaseController->renderView('products/show', [...])
 5 SYSTEMPATH\CodeIgniter.php(933): App\Controllers\ProductsController->show('2')
 6 SYSTEMPATH\CodeIgniter.php(507): CodeIgniter\CodeIgniter->runController(Object(App\Controllers\ProductsController))
 7 SYSTEMPATH\CodeIgniter.php(354): CodeIgniter\CodeIgniter->handleRequest(null, Object(Config\Cache), false)
 8 SYSTEMPATH\Boot.php(363): CodeIgniter\CodeIgniter->run()
 9 SYSTEMPATH\Boot.php(68): CodeIgniter\Boot::runCodeIgniter(Object(CodeIgniter\CodeIgniter))
10 FCPATH\index.php(35): CodeIgniter\Boot::bootWeb(Object(Config\Paths))
ERROR - 2025-11-12 05:56:35 --> Email: Unable to send email using SMTP. Your server might not be configured to send mail using this method.
ERROR - 2025-11-12 05:56:35 --> 220 smtp.gmail.com ESMTP 41be03b00d2f7-bbf0fab09f0sm1464846a12.12 - gsmtp

hello: 250-smtp.gmail.com at your service, [203.177.208.99]
250-SIZE 35882577
250-8BITMIME
250-STARTTLS
250-ENHANCEDSTATUSCODES
250-PIPELINING
250-CHUNKING
250 SMTPUTF8

starttls: 220 2.0.0 Ready to start TLS

hello: 
The following SMTP error was encountered: 
ERROR - 2025-11-12 05:56:35 --> Failed to send password reset email to: mansormalik121422@gmail.com
ERROR - 2025-11-12 05:56:35 --> Email error: 220 smtp.gmail.com ESMTP 41be03b00d2f7-bbf0fab09f0sm1464846a12.12 - gsmtp
<br><pre>hello: 250-smtp.gmail.com at your service, [203.177.208.99]
250-SIZE 35882577
250-8BITMIME
250-STARTTLS
250-ENHANCEDSTATUSCODES
250-PIPELINING
250-CHUNKING
250 SMTPUTF8
</pre><pre>starttls: 220 2.0.0 Ready to start TLS
</pre><pre>hello: </pre>The following SMTP error was encountered: <br>Unable to send email using SMTP. Your server might not be configured to send mail using this method.<br><pre>Date: Wed, 12 Nov 2025 05:56:19 +0000
To: mansormalik121422@gmail.com
Subject: =?UTF-8?Q?Password=20Reset=20Request=20-=20Manrealstore?=
From: &quot;Manrealstore&quot; &lt;francismalilay@gmail.com&gt;
Return-Path: &lt;francismalilay@gmail.com&gt;
Reply-To: &lt;francismalilay@gmail.com&gt;
User-Agent: CodeIgniter
X-Sender: francismalilay@gmail.com
X-Mailer: CodeIgniter
X-Priority: 3 (Normal)
Message-ID: &lt;69142183e32c84.57625321@gmail.com&gt;
Mime-Version: 1.0

</pre>
ERROR - 2025-11-12 05:56:35 --> Email: sendWithSmtp throwed ErrorException: fwrite(): SSL operation failed with code 1. OpenSSL Error messages:
error:1420C0CF:SSL routines:ssl_write_internal:protocol is shutdown in C:\xampp\htdocs\Manrealstore\system\Email\Email.php:2084
Stack trace:
#0 [internal function]: CodeIgniter\Debug\Exceptions->errorHandler(2, 'fwrite(): SSL o...', 'C:\\xampp\\htdocs...', 2084)
#1 C:\xampp\htdocs\Manrealstore\system\Email\Email.php(2084): fwrite(Resource id #135, 'QUIT\r\n')
#2 C:\xampp\htdocs\Manrealstore\system\Email\Email.php(1993): CodeIgniter\Email\Email->sendData('QUIT\r\n')
#3 C:\xampp\htdocs\Manrealstore\system\Email\Email.php(2232): CodeIgniter\Email\Email->sendCommand('quit')
#4 [internal function]: CodeIgniter\Email\Email->__destruct()
#5 {main}
CRITICAL - 2025-11-12 06:03:16 --> Error: Class "Picqer\Barcode\BarcodeGeneratorPNG" not found
[Method: GET, Route: products/barcode/2]
in APPPATH\Controllers\ProductsController.php on line 441.
 1 SYSTEMPATH\CodeIgniter.php(933): App\Controllers\ProductsController->generateBarcode('2')
 2 SYSTEMPATH\CodeIgniter.php(507): CodeIgniter\CodeIgniter->runController(Object(App\Controllers\ProductsController))
 3 SYSTEMPATH\CodeIgniter.php(354): CodeIgniter\CodeIgniter->handleRequest(null, Object(Config\Cache), false)
 4 SYSTEMPATH\Boot.php(363): CodeIgniter\CodeIgniter->run()
 5 SYSTEMPATH\Boot.php(68): CodeIgniter\Boot::runCodeIgniter(Object(CodeIgniter\CodeIgniter))
 6 FCPATH\index.php(35): CodeIgniter\Boot::bootWeb(Object(Config\Paths))
CRITICAL - 2025-11-12 06:03:17 --> Error: Class "Picqer\Barcode\BarcodeGeneratorPNG" not found
[Method: GET, Route: products/barcode/10]
in APPPATH\Controllers\ProductsController.php on line 441.
 1 SYSTEMPATH\CodeIgniter.php(933): App\Controllers\ProductsController->generateBarcode('10')
 2 SYSTEMPATH\CodeIgniter.php(507): CodeIgniter\CodeIgniter->runController(Object(App\Controllers\ProductsController))
 3 SYSTEMPATH\CodeIgniter.php(354): CodeIgniter\CodeIgniter->handleRequest(null, Object(Config\Cache), false)
 4 SYSTEMPATH\Boot.php(363): CodeIgniter\CodeIgniter->run()
 5 SYSTEMPATH\Boot.php(68): CodeIgniter\Boot::runCodeIgniter(Object(CodeIgniter\CodeIgniter))
 6 FCPATH\index.php(35): CodeIgniter\Boot::bootWeb(Object(Config\Paths))
CRITICAL - 2025-11-12 06:03:17 --> Error: Class "Picqer\Barcode\BarcodeGeneratorPNG" not found
[Method: GET, Route: products/barcode/7]
in APPPATH\Controllers\ProductsController.php on line 441.
 1 SYSTEMPATH\CodeIgniter.php(933): App\Controllers\ProductsController->generateBarcode('7')
 2 SYSTEMPATH\CodeIgniter.php(507): CodeIgniter\CodeIgniter->runController(Object(App\Controllers\ProductsController))
 3 SYSTEMPATH\CodeIgniter.php(354): CodeIgniter\CodeIgniter->handleRequest(null, Object(Config\Cache), false)
 4 SYSTEMPATH\Boot.php(363): CodeIgniter\CodeIgniter->run()
 5 SYSTEMPATH\Boot.php(68): CodeIgniter\Boot::runCodeIgniter(Object(CodeIgniter\CodeIgniter))
 6 FCPATH\index.php(35): CodeIgniter\Boot::bootWeb(Object(Config\Paths))
CRITICAL - 2025-11-12 06:03:17 --> Error: Class "Picqer\Barcode\BarcodeGeneratorPNG" not found
[Method: GET, Route: products/barcode/3]
in APPPATH\Controllers\ProductsController.php on line 441.
 1 SYSTEMPATH\CodeIgniter.php(933): App\Controllers\ProductsController->generateBarcode('3')
 2 SYSTEMPATH\CodeIgniter.php(507): CodeIgniter\CodeIgniter->runController(Object(App\Controllers\ProductsController))
 3 SYSTEMPATH\CodeIgniter.php(354): CodeIgniter\CodeIgniter->handleRequest(null, Object(Config\Cache), false)
 4 SYSTEMPATH\Boot.php(363): CodeIgniter\CodeIgniter->run()
 5 SYSTEMPATH\Boot.php(68): CodeIgniter\Boot::runCodeIgniter(Object(CodeIgniter\CodeIgniter))
 6 FCPATH\index.php(35): CodeIgniter\Boot::bootWeb(Object(Config\Paths))
CRITICAL - 2025-11-12 06:03:18 --> Error: Class "Picqer\Barcode\BarcodeGeneratorPNG" not found
[Method: GET, Route: products/barcode/8]
in APPPATH\Controllers\ProductsController.php on line 441.
 1 SYSTEMPATH\CodeIgniter.php(933): App\Controllers\ProductsController->generateBarcode('8')
 2 SYSTEMPATH\CodeIgniter.php(507): CodeIgniter\CodeIgniter->runController(Object(App\Controllers\ProductsController))
 3 SYSTEMPATH\CodeIgniter.php(354): CodeIgniter\CodeIgniter->handleRequest(null, Object(Config\Cache), false)
 4 SYSTEMPATH\Boot.php(363): CodeIgniter\CodeIgniter->run()
 5 SYSTEMPATH\Boot.php(68): CodeIgniter\Boot::runCodeIgniter(Object(CodeIgniter\CodeIgniter))
 6 FCPATH\index.php(35): CodeIgniter\Boot::bootWeb(Object(Config\Paths))
CRITICAL - 2025-11-12 06:03:18 --> Error: Class "Picqer\Barcode\BarcodeGeneratorPNG" not found
[Method: GET, Route: products/barcode/6]
in APPPATH\Controllers\ProductsController.php on line 441.
 1 SYSTEMPATH\CodeIgniter.php(933): App\Controllers\ProductsController->generateBarcode('6')
 2 SYSTEMPATH\CodeIgniter.php(507): CodeIgniter\CodeIgniter->runController(Object(App\Controllers\ProductsController))
 3 SYSTEMPATH\CodeIgniter.php(354): CodeIgniter\CodeIgniter->handleRequest(null, Object(Config\Cache), false)
 4 SYSTEMPATH\Boot.php(363): CodeIgniter\CodeIgniter->run()
 5 SYSTEMPATH\Boot.php(68): CodeIgniter\Boot::runCodeIgniter(Object(CodeIgniter\CodeIgniter))
 6 FCPATH\index.php(35): CodeIgniter\Boot::bootWeb(Object(Config\Paths))
CRITICAL - 2025-11-12 06:03:18 --> Error: Class "Picqer\Barcode\BarcodeGeneratorPNG" not found
[Method: GET, Route: products/barcode/5]
in APPPATH\Controllers\ProductsController.php on line 441.
 1 SYSTEMPATH\CodeIgniter.php(933): App\Controllers\ProductsController->generateBarcode('5')
 2 SYSTEMPATH\CodeIgniter.php(507): CodeIgniter\CodeIgniter->runController(Object(App\Controllers\ProductsController))
 3 SYSTEMPATH\CodeIgniter.php(354): CodeIgniter\CodeIgniter->handleRequest(null, Object(Config\Cache), false)
 4 SYSTEMPATH\Boot.php(363): CodeIgniter\CodeIgniter->run()
 5 SYSTEMPATH\Boot.php(68): CodeIgniter\Boot::runCodeIgniter(Object(CodeIgniter\CodeIgniter))
 6 FCPATH\index.php(35): CodeIgniter\Boot::bootWeb(Object(Config\Paths))
CRITICAL - 2025-11-12 06:03:18 --> Error: Class "Picqer\Barcode\BarcodeGeneratorPNG" not found
[Method: GET, Route: products/barcode/1]
in APPPATH\Controllers\ProductsController.php on line 441.
 1 SYSTEMPATH\CodeIgniter.php(933): App\Controllers\ProductsController->generateBarcode('1')
 2 SYSTEMPATH\CodeIgniter.php(507): CodeIgniter\CodeIgniter->runController(Object(App\Controllers\ProductsController))
 3 SYSTEMPATH\CodeIgniter.php(354): CodeIgniter\CodeIgniter->handleRequest(null, Object(Config\Cache), false)
 4 SYSTEMPATH\Boot.php(363): CodeIgniter\CodeIgniter->run()
 5 SYSTEMPATH\Boot.php(68): CodeIgniter\Boot::runCodeIgniter(Object(CodeIgniter\CodeIgniter))
 6 FCPATH\index.php(35): CodeIgniter\Boot::bootWeb(Object(Config\Paths))
CRITICAL - 2025-11-12 06:03:18 --> Error: Class "Picqer\Barcode\BarcodeGeneratorPNG" not found
[Method: GET, Route: products/barcode/9]
in APPPATH\Controllers\ProductsController.php on line 441.
 1 SYSTEMPATH\CodeIgniter.php(933): App\Controllers\ProductsController->generateBarcode('9')
 2 SYSTEMPATH\CodeIgniter.php(507): CodeIgniter\CodeIgniter->runController(Object(App\Controllers\ProductsController))
 3 SYSTEMPATH\CodeIgniter.php(354): CodeIgniter\CodeIgniter->handleRequest(null, Object(Config\Cache), false)
 4 SYSTEMPATH\Boot.php(363): CodeIgniter\CodeIgniter->run()
 5 SYSTEMPATH\Boot.php(68): CodeIgniter\Boot::runCodeIgniter(Object(CodeIgniter\CodeIgniter))
 6 FCPATH\index.php(35): CodeIgniter\Boot::bootWeb(Object(Config\Paths))
CRITICAL - 2025-11-12 06:03:18 --> Error: Class "Picqer\Barcode\BarcodeGeneratorPNG" not found
[Method: GET, Route: products/barcode/4]
in APPPATH\Controllers\ProductsController.php on line 441.
 1 SYSTEMPATH\CodeIgniter.php(933): App\Controllers\ProductsController->generateBarcode('4')
 2 SYSTEMPATH\CodeIgniter.php(507): CodeIgniter\CodeIgniter->runController(Object(App\Controllers\ProductsController))
 3 SYSTEMPATH\CodeIgniter.php(354): CodeIgniter\CodeIgniter->handleRequest(null, Object(Config\Cache), false)
 4 SYSTEMPATH\Boot.php(363): CodeIgniter\CodeIgniter->run()
 5 SYSTEMPATH\Boot.php(68): CodeIgniter\Boot::runCodeIgniter(Object(CodeIgniter\CodeIgniter))
 6 FCPATH\index.php(35): CodeIgniter\Boot::bootWeb(Object(Config\Paths))
