ERROR - 2025-08-31 17:21:13 --> Error connecting to the database: mysqli_sql_exception: Access denied for user ''@'localhost' (using password: NO) in C:\xampp\htdocs\Manrealstore\system\Database\MySQLi\Connection.php:201
Stack trace:
#0 C:\xampp\htdocs\Manrealstore\system\Database\MySQLi\Connection.php(201): mysqli->real_connect('localhost', '', Object(SensitiveParameterValue), '', 3306, '', 0)
#1 C:\xampp\htdocs\Manrealstore\system\Database\BaseConnection.php(419): CodeIgniter\Database\MySQLi\Connection->connect(false)
#2 C:\xampp\htdocs\Manrealstore\system\Database\BaseConnection.php(614): CodeIgniter\Database\BaseConnection->initialize()
#3 C:\xampp\htdocs\Manrealstore\system\Database\BaseConnection.php(1525): CodeIgniter\Database\BaseConnection->query('SHOW TABLES FRO...')
#4 C:\xampp\htdocs\Manrealstore\system\Database\BaseConnection.php(1545): CodeIgniter\Database\BaseConnection->listTables()
#5 C:\xampp\htdocs\Manrealstore\system\Database\MigrationRunner.php(768): CodeIgniter\Database\BaseConnection->tableExists('migrations')
#6 C:\xampp\htdocs\Manrealstore\system\Database\MigrationRunner.php(646): CodeIgniter\Database\MigrationRunner->ensureTable()
#7 C:\xampp\htdocs\Manrealstore\system\Commands\Database\MigrateStatus.php(115): CodeIgniter\Database\MigrationRunner->getHistory('')
#8 C:\xampp\htdocs\Manrealstore\system\CLI\Commands.php(74): CodeIgniter\Commands\Database\MigrateStatus->run(Array)
#9 C:\xampp\htdocs\Manrealstore\system\CLI\Console.php(47): CodeIgniter\CLI\Commands->run('migrate:status', Array)
#10 C:\xampp\htdocs\Manrealstore\system\Boot.php(388): CodeIgniter\CLI\Console->run()
#11 C:\xampp\htdocs\Manrealstore\system\Boot.php(133): CodeIgniter\Boot::runCommand(Object(CodeIgniter\CLI\Console))
#12 C:\xampp\htdocs\Manrealstore\spark(87): CodeIgniter\Boot::bootSpark(Object(Config\Paths))
#13 {main}

Next CodeIgniter\Database\Exceptions\DatabaseException: Access denied for user ''@'localhost' (using password: NO) in C:\xampp\htdocs\Manrealstore\system\Database\MySQLi\Connection.php:246
Stack trace:
#0 C:\xampp\htdocs\Manrealstore\system\Database\BaseConnection.php(419): CodeIgniter\Database\MySQLi\Connection->connect(false)
#1 C:\xampp\htdocs\Manrealstore\system\Database\BaseConnection.php(614): CodeIgniter\Database\BaseConnection->initialize()
#2 C:\xampp\htdocs\Manrealstore\system\Database\BaseConnection.php(1525): CodeIgniter\Database\BaseConnection->query('SHOW TABLES FRO...')
#3 C:\xampp\htdocs\Manrealstore\system\Database\BaseConnection.php(1545): CodeIgniter\Database\BaseConnection->listTables()
#4 C:\xampp\htdocs\Manrealstore\system\Database\MigrationRunner.php(768): CodeIgniter\Database\BaseConnection->tableExists('migrations')
#5 C:\xampp\htdocs\Manrealstore\system\Database\MigrationRunner.php(646): CodeIgniter\Database\MigrationRunner->ensureTable()
#6 C:\xampp\htdocs\Manrealstore\system\Commands\Database\MigrateStatus.php(115): CodeIgniter\Database\MigrationRunner->getHistory('')
#7 C:\xampp\htdocs\Manrealstore\system\CLI\Commands.php(74): CodeIgniter\Commands\Database\MigrateStatus->run(Array)
#8 C:\xampp\htdocs\Manrealstore\system\CLI\Console.php(47): CodeIgniter\CLI\Commands->run('migrate:status', Array)
#9 C:\xampp\htdocs\Manrealstore\system\Boot.php(388): CodeIgniter\CLI\Console->run()
#10 C:\xampp\htdocs\Manrealstore\system\Boot.php(133): CodeIgniter\Boot::runCommand(Object(CodeIgniter\CLI\Console))
#11 C:\xampp\htdocs\Manrealstore\spark(87): CodeIgniter\Boot::bootSpark(Object(Config\Paths))
#12 {main}
CRITICAL - 2025-08-31 17:21:13 --> CodeIgniter\Database\Exceptions\DatabaseException: Unable to connect to the database.
Main connection [MySQLi]: Access denied for user ''@'localhost' (using password: NO)
[Method: CLI, Route: migrate:status]
in SYSTEMPATH\Database\BaseConnection.php on line 465.
 1 SYSTEMPATH\Database\BaseConnection.php(614): CodeIgniter\Database\BaseConnection->initialize()
 2 SYSTEMPATH\Database\BaseConnection.php(1525): CodeIgniter\Database\BaseConnection->query('SHOW TABLES FROM ')
 3 SYSTEMPATH\Database\BaseConnection.php(1545): CodeIgniter\Database\BaseConnection->listTables()
 4 SYSTEMPATH\Database\MigrationRunner.php(768): CodeIgniter\Database\BaseConnection->tableExists('migrations')
 5 SYSTEMPATH\Database\MigrationRunner.php(646): CodeIgniter\Database\MigrationRunner->ensureTable()
 6 SYSTEMPATH\Commands\Database\MigrateStatus.php(115): CodeIgniter\Database\MigrationRunner->getHistory('')
 7 SYSTEMPATH\CLI\Commands.php(74): CodeIgniter\Commands\Database\MigrateStatus->run([])
 8 SYSTEMPATH\CLI\Console.php(47): CodeIgniter\CLI\Commands->run('migrate:status', [])
 9 SYSTEMPATH\Boot.php(388): CodeIgniter\CLI\Console->run()
10 SYSTEMPATH\Boot.php(133): CodeIgniter\Boot::runCommand(Object(CodeIgniter\CLI\Console))
11 ROOTPATH\spark(87): CodeIgniter\Boot::bootSpark(Object(Config\Paths))
ERROR - 2025-08-31 17:21:22 --> Error connecting to the database: mysqli_sql_exception: Access denied for user ''@'localhost' (using password: NO) in C:\xampp\htdocs\Manrealstore\system\Database\MySQLi\Connection.php:201
Stack trace:
#0 C:\xampp\htdocs\Manrealstore\system\Database\MySQLi\Connection.php(201): mysqli->real_connect('localhost', '', Object(SensitiveParameterValue), '', 3306, '', 0)
#1 C:\xampp\htdocs\Manrealstore\system\Database\BaseConnection.php(419): CodeIgniter\Database\MySQLi\Connection->connect(false)
#2 C:\xampp\htdocs\Manrealstore\system\Database\BaseConnection.php(614): CodeIgniter\Database\BaseConnection->initialize()
#3 C:\xampp\htdocs\Manrealstore\system\Database\BaseConnection.php(1525): CodeIgniter\Database\BaseConnection->query('SHOW TABLES FRO...')
#4 C:\xampp\htdocs\Manrealstore\system\Database\BaseConnection.php(1545): CodeIgniter\Database\BaseConnection->listTables()
#5 C:\xampp\htdocs\Manrealstore\system\Database\MigrationRunner.php(768): CodeIgniter\Database\BaseConnection->tableExists('migrations')
#6 C:\xampp\htdocs\Manrealstore\system\Database\MigrationRunner.php(162): CodeIgniter\Database\MigrationRunner->ensureTable()
#7 C:\xampp\htdocs\Manrealstore\system\Commands\Database\Migrate.php(85): CodeIgniter\Database\MigrationRunner->latest(NULL)
#8 C:\xampp\htdocs\Manrealstore\system\CLI\Commands.php(74): CodeIgniter\Commands\Database\Migrate->run(Array)
#9 C:\xampp\htdocs\Manrealstore\system\CLI\Console.php(47): CodeIgniter\CLI\Commands->run('migrate', Array)
#10 C:\xampp\htdocs\Manrealstore\system\Boot.php(388): CodeIgniter\CLI\Console->run()
#11 C:\xampp\htdocs\Manrealstore\system\Boot.php(133): CodeIgniter\Boot::runCommand(Object(CodeIgniter\CLI\Console))
#12 C:\xampp\htdocs\Manrealstore\spark(87): CodeIgniter\Boot::bootSpark(Object(Config\Paths))
#13 {main}

Next CodeIgniter\Database\Exceptions\DatabaseException: Access denied for user ''@'localhost' (using password: NO) in C:\xampp\htdocs\Manrealstore\system\Database\MySQLi\Connection.php:246
Stack trace:
#0 C:\xampp\htdocs\Manrealstore\system\Database\BaseConnection.php(419): CodeIgniter\Database\MySQLi\Connection->connect(false)
#1 C:\xampp\htdocs\Manrealstore\system\Database\BaseConnection.php(614): CodeIgniter\Database\BaseConnection->initialize()
#2 C:\xampp\htdocs\Manrealstore\system\Database\BaseConnection.php(1525): CodeIgniter\Database\BaseConnection->query('SHOW TABLES FRO...')
#3 C:\xampp\htdocs\Manrealstore\system\Database\BaseConnection.php(1545): CodeIgniter\Database\BaseConnection->listTables()
#4 C:\xampp\htdocs\Manrealstore\system\Database\MigrationRunner.php(768): CodeIgniter\Database\BaseConnection->tableExists('migrations')
#5 C:\xampp\htdocs\Manrealstore\system\Database\MigrationRunner.php(162): CodeIgniter\Database\MigrationRunner->ensureTable()
#6 C:\xampp\htdocs\Manrealstore\system\Commands\Database\Migrate.php(85): CodeIgniter\Database\MigrationRunner->latest(NULL)
#7 C:\xampp\htdocs\Manrealstore\system\CLI\Commands.php(74): CodeIgniter\Commands\Database\Migrate->run(Array)
#8 C:\xampp\htdocs\Manrealstore\system\CLI\Console.php(47): CodeIgniter\CLI\Commands->run('migrate', Array)
#9 C:\xampp\htdocs\Manrealstore\system\Boot.php(388): CodeIgniter\CLI\Console->run()
#10 C:\xampp\htdocs\Manrealstore\system\Boot.php(133): CodeIgniter\Boot::runCommand(Object(CodeIgniter\CLI\Console))
#11 C:\xampp\htdocs\Manrealstore\spark(87): CodeIgniter\Boot::bootSpark(Object(Config\Paths))
#12 {main}
ERROR - 2025-08-31 17:22:24 --> mysqli_sql_exception: Duplicate key name 'username' in C:\xampp\htdocs\Manrealstore\system\Database\MySQLi\Connection.php:327
Stack trace:
#0 C:\xampp\htdocs\Manrealstore\system\Database\MySQLi\Connection.php(327): mysqli->query('CREATE TABLE `u...', 0)
#1 C:\xampp\htdocs\Manrealstore\system\Database\BaseConnection.php(729): CodeIgniter\Database\MySQLi\Connection->execute('CREATE TABLE `u...')
#2 C:\xampp\htdocs\Manrealstore\system\Database\BaseConnection.php(646): CodeIgniter\Database\BaseConnection->simpleQuery('CREATE TABLE `u...')
#3 C:\xampp\htdocs\Manrealstore\system\Database\Forge.php(570): CodeIgniter\Database\BaseConnection->query('CREATE TABLE `u...')
#4 C:\xampp\htdocs\Manrealstore\app\Database\Migrations\2024-01-01-000001_CreateUsersTable.php(62): CodeIgniter\Database\Forge->createTable('users')
#5 C:\xampp\htdocs\Manrealstore\system\Database\MigrationRunner.php(876): App\Database\Migrations\CreateUsersTable->up()
#6 C:\xampp\htdocs\Manrealstore\system\Database\MigrationRunner.php(182): CodeIgniter\Database\MigrationRunner->migrate('up', Object(stdClass))
#7 C:\xampp\htdocs\Manrealstore\system\Commands\Database\Migrate.php(85): CodeIgniter\Database\MigrationRunner->latest(NULL)
#8 C:\xampp\htdocs\Manrealstore\system\CLI\Commands.php(74): CodeIgniter\Commands\Database\Migrate->run(Array)
#9 C:\xampp\htdocs\Manrealstore\system\CLI\Console.php(47): CodeIgniter\CLI\Commands->run('migrate', Array)
#10 C:\xampp\htdocs\Manrealstore\system\Boot.php(388): CodeIgniter\CLI\Console->run()
#11 C:\xampp\htdocs\Manrealstore\system\Boot.php(133): CodeIgniter\Boot::runCommand(Object(CodeIgniter\CLI\Console))
#12 C:\xampp\htdocs\Manrealstore\spark(87): CodeIgniter\Boot::bootSpark(Object(Config\Paths))
#13 {main}
ERROR - 2025-08-31 17:23:02 --> mysqli_sql_exception: Duplicate key name 'username' in C:\xampp\htdocs\Manrealstore\system\Database\MySQLi\Connection.php:327
Stack trace:
#0 C:\xampp\htdocs\Manrealstore\system\Database\MySQLi\Connection.php(327): mysqli->query('CREATE TABLE `u...', 0)
#1 C:\xampp\htdocs\Manrealstore\system\Database\BaseConnection.php(729): CodeIgniter\Database\MySQLi\Connection->execute('CREATE TABLE `u...')
#2 C:\xampp\htdocs\Manrealstore\system\Database\BaseConnection.php(646): CodeIgniter\Database\BaseConnection->simpleQuery('CREATE TABLE `u...')
#3 C:\xampp\htdocs\Manrealstore\system\Database\Forge.php(570): CodeIgniter\Database\BaseConnection->query('CREATE TABLE `u...')
#4 C:\xampp\htdocs\Manrealstore\app\Database\Migrations\2024-01-01-000001_CreateUsersTable.php(62): CodeIgniter\Database\Forge->createTable('users')
#5 C:\xampp\htdocs\Manrealstore\system\Database\MigrationRunner.php(876): App\Database\Migrations\CreateUsersTable->up()
#6 C:\xampp\htdocs\Manrealstore\system\Database\MigrationRunner.php(182): CodeIgniter\Database\MigrationRunner->migrate('up', Object(stdClass))
#7 C:\xampp\htdocs\Manrealstore\system\Commands\Database\Migrate.php(85): CodeIgniter\Database\MigrationRunner->latest(NULL)
#8 C:\xampp\htdocs\Manrealstore\system\CLI\Commands.php(74): CodeIgniter\Commands\Database\Migrate->run(Array)
#9 C:\xampp\htdocs\Manrealstore\system\CLI\Console.php(47): CodeIgniter\CLI\Commands->run('migrate', Array)
#10 C:\xampp\htdocs\Manrealstore\system\Boot.php(388): CodeIgniter\CLI\Console->run()
#11 C:\xampp\htdocs\Manrealstore\system\Boot.php(133): CodeIgniter\Boot::runCommand(Object(CodeIgniter\CLI\Console))
#12 C:\xampp\htdocs\Manrealstore\spark(87): CodeIgniter\Boot::bootSpark(Object(Config\Paths))
#13 {main}
ERROR - 2025-08-31 17:23:21 --> mysqli_sql_exception: Duplicate key name 'product_code' in C:\xampp\htdocs\Manrealstore\system\Database\MySQLi\Connection.php:327
Stack trace:
#0 C:\xampp\htdocs\Manrealstore\system\Database\MySQLi\Connection.php(327): mysqli->query('CREATE TABLE `p...', 0)
#1 C:\xampp\htdocs\Manrealstore\system\Database\BaseConnection.php(729): CodeIgniter\Database\MySQLi\Connection->execute('CREATE TABLE `p...')
#2 C:\xampp\htdocs\Manrealstore\system\Database\BaseConnection.php(646): CodeIgniter\Database\BaseConnection->simpleQuery('CREATE TABLE `p...')
#3 C:\xampp\htdocs\Manrealstore\system\Database\Forge.php(570): CodeIgniter\Database\BaseConnection->query('CREATE TABLE `p...')
#4 C:\xampp\htdocs\Manrealstore\app\Database\Migrations\2024-01-01-000002_CreateProductsTable.php(78): CodeIgniter\Database\Forge->createTable('products')
#5 C:\xampp\htdocs\Manrealstore\system\Database\MigrationRunner.php(876): App\Database\Migrations\CreateProductsTable->up()
#6 C:\xampp\htdocs\Manrealstore\system\Database\MigrationRunner.php(182): CodeIgniter\Database\MigrationRunner->migrate('up', Object(stdClass))
#7 C:\xampp\htdocs\Manrealstore\system\Commands\Database\Migrate.php(85): CodeIgniter\Database\MigrationRunner->latest(NULL)
#8 C:\xampp\htdocs\Manrealstore\system\CLI\Commands.php(74): CodeIgniter\Commands\Database\Migrate->run(Array)
#9 C:\xampp\htdocs\Manrealstore\system\CLI\Console.php(47): CodeIgniter\CLI\Commands->run('migrate', Array)
#10 C:\xampp\htdocs\Manrealstore\system\Boot.php(388): CodeIgniter\CLI\Console->run()
#11 C:\xampp\htdocs\Manrealstore\system\Boot.php(133): CodeIgniter\Boot::runCommand(Object(CodeIgniter\CLI\Console))
#12 C:\xampp\htdocs\Manrealstore\spark(87): CodeIgniter\Boot::bootSpark(Object(Config\Paths))
#13 {main}
ERROR - 2025-08-31 17:27:46 --> mysqli_sql_exception: Duplicate key name 'sale_number' in C:\xampp\htdocs\Manrealstore\system\Database\MySQLi\Connection.php:327
Stack trace:
#0 C:\xampp\htdocs\Manrealstore\system\Database\MySQLi\Connection.php(327): mysqli->query('CREATE TABLE `s...', 0)
#1 C:\xampp\htdocs\Manrealstore\system\Database\BaseConnection.php(729): CodeIgniter\Database\MySQLi\Connection->execute('CREATE TABLE `s...')
#2 C:\xampp\htdocs\Manrealstore\system\Database\BaseConnection.php(646): CodeIgniter\Database\BaseConnection->simpleQuery('CREATE TABLE `s...')
#3 C:\xampp\htdocs\Manrealstore\system\Database\Forge.php(570): CodeIgniter\Database\BaseConnection->query('CREATE TABLE `s...')
#4 C:\xampp\htdocs\Manrealstore\app\Database\Migrations\2024-01-01-000003_CreateSalesTable.php(92): CodeIgniter\Database\Forge->createTable('sales')
#5 C:\xampp\htdocs\Manrealstore\system\Database\MigrationRunner.php(876): App\Database\Migrations\CreateSalesTable->up()
#6 C:\xampp\htdocs\Manrealstore\system\Database\MigrationRunner.php(182): CodeIgniter\Database\MigrationRunner->migrate('up', Object(stdClass))
#7 C:\xampp\htdocs\Manrealstore\system\Commands\Database\Migrate.php(85): CodeIgniter\Database\MigrationRunner->latest(NULL)
#8 C:\xampp\htdocs\Manrealstore\system\CLI\Commands.php(74): CodeIgniter\Commands\Database\Migrate->run(Array)
#9 C:\xampp\htdocs\Manrealstore\system\CLI\Console.php(47): CodeIgniter\CLI\Commands->run('migrate', Array)
#10 C:\xampp\htdocs\Manrealstore\system\Boot.php(388): CodeIgniter\CLI\Console->run()
#11 C:\xampp\htdocs\Manrealstore\system\Boot.php(133): CodeIgniter\Boot::runCommand(Object(CodeIgniter\CLI\Console))
#12 C:\xampp\htdocs\Manrealstore\spark(87): CodeIgniter\Boot::bootSpark(Object(Config\Paths))
#13 {main}
CRITICAL - 2025-08-31 17:47:26 --> CodeIgniter\View\Exceptions\ViewException: Invalid file: "errors/404.php"
[Method: GET, Route: MAnrealstore/login.php]
in SYSTEMPATH\Exceptions\FrameworkException.php on line 39.
 1 SYSTEMPATH\View\View.php(214): CodeIgniter\Exceptions\FrameworkException::forInvalidFile('errors/404.php')
 2 SYSTEMPATH\Common.php(1167): CodeIgniter\View\View->render('errors/404', [], true)
 3 APPPATH\Config\Routes.php(85): view('errors/404')
 4 SYSTEMPATH\CodeIgniter.php(957): CodeIgniter\Router\RouteCollection->{closure}('Can\'t find a route for \'GET: MAnrealstore/login.php\'.')
 5 SYSTEMPATH\CodeIgniter.php(360): CodeIgniter\CodeIgniter->display404errors(Object(CodeIgniter\Exceptions\PageNotFoundException))
 6 SYSTEMPATH\Boot.php(363): CodeIgniter\CodeIgniter->run()
 7 SYSTEMPATH\Boot.php(68): CodeIgniter\Boot::runCodeIgniter(Object(CodeIgniter\CodeIgniter))
 8 FCPATH\index.php(59): CodeIgniter\Boot::bootWeb(Object(Config\Paths))
CRITICAL - 2025-08-31 17:47:30 --> CodeIgniter\View\Exceptions\ViewException: Invalid file: "errors/404.php"
[Method: GET, Route: MAnrealstore/login.]
in SYSTEMPATH\Exceptions\FrameworkException.php on line 39.
 1 SYSTEMPATH\View\View.php(214): CodeIgniter\Exceptions\FrameworkException::forInvalidFile('errors/404.php')
 2 SYSTEMPATH\Common.php(1167): CodeIgniter\View\View->render('errors/404', [], true)
 3 APPPATH\Config\Routes.php(85): view('errors/404')
 4 SYSTEMPATH\CodeIgniter.php(957): CodeIgniter\Router\RouteCollection->{closure}('Can\'t find a route for \'GET: MAnrealstore/login.\'.')
 5 SYSTEMPATH\CodeIgniter.php(360): CodeIgniter\CodeIgniter->display404errors(Object(CodeIgniter\Exceptions\PageNotFoundException))
 6 SYSTEMPATH\Boot.php(363): CodeIgniter\CodeIgniter->run()
 7 SYSTEMPATH\Boot.php(68): CodeIgniter\Boot::runCodeIgniter(Object(CodeIgniter\CodeIgniter))
 8 FCPATH\index.php(59): CodeIgniter\Boot::bootWeb(Object(Config\Paths))
CRITICAL - 2025-08-31 17:47:33 --> CodeIgniter\View\Exceptions\ViewException: Invalid file: "errors/404.php"
[Method: GET, Route: MAnrealstore/login]
in SYSTEMPATH\Exceptions\FrameworkException.php on line 39.
 1 SYSTEMPATH\View\View.php(214): CodeIgniter\Exceptions\FrameworkException::forInvalidFile('errors/404.php')
 2 SYSTEMPATH\Common.php(1167): CodeIgniter\View\View->render('errors/404', [], true)
 3 APPPATH\Config\Routes.php(85): view('errors/404')
 4 SYSTEMPATH\CodeIgniter.php(957): CodeIgniter\Router\RouteCollection->{closure}('Can\'t find a route for \'GET: MAnrealstore/login\'.')
 5 SYSTEMPATH\CodeIgniter.php(360): CodeIgniter\CodeIgniter->display404errors(Object(CodeIgniter\Exceptions\PageNotFoundException))
 6 SYSTEMPATH\Boot.php(363): CodeIgniter\CodeIgniter->run()
 7 SYSTEMPATH\Boot.php(68): CodeIgniter\Boot::runCodeIgniter(Object(CodeIgniter\CodeIgniter))
 8 FCPATH\index.php(59): CodeIgniter\Boot::bootWeb(Object(Config\Paths))
CRITICAL - 2025-08-31 17:47:42 --> CodeIgniter\View\Exceptions\ViewException: Invalid file: "errors/404.php"
[Method: GET, Route: login.php]
in SYSTEMPATH\Exceptions\FrameworkException.php on line 39.
 1 SYSTEMPATH\View\View.php(214): CodeIgniter\Exceptions\FrameworkException::forInvalidFile('errors/404.php')
 2 SYSTEMPATH\Common.php(1167): CodeIgniter\View\View->render('errors/404', [], true)
 3 APPPATH\Config\Routes.php(85): view('errors/404')
 4 SYSTEMPATH\CodeIgniter.php(957): CodeIgniter\Router\RouteCollection->{closure}('Can\'t find a route for \'GET: login.php\'.')
 5 SYSTEMPATH\CodeIgniter.php(360): CodeIgniter\CodeIgniter->display404errors(Object(CodeIgniter\Exceptions\PageNotFoundException))
 6 SYSTEMPATH\Boot.php(363): CodeIgniter\CodeIgniter->run()
 7 SYSTEMPATH\Boot.php(68): CodeIgniter\Boot::runCodeIgniter(Object(CodeIgniter\CodeIgniter))
 8 FCPATH\index.php(59): CodeIgniter\Boot::bootWeb(Object(Config\Paths))
CRITICAL - 2025-08-31 17:48:20 --> CodeIgniter\View\Exceptions\ViewException: Invalid file: "errors/404.php"
[Method: GET, Route: login.php]
in SYSTEMPATH\Exceptions\FrameworkException.php on line 39.
 1 SYSTEMPATH\View\View.php(214): CodeIgniter\Exceptions\FrameworkException::forInvalidFile('errors/404.php')
 2 SYSTEMPATH\Common.php(1167): CodeIgniter\View\View->render('errors/404', [], true)
 3 APPPATH\Config\Routes.php(85): view('errors/404')
 4 SYSTEMPATH\CodeIgniter.php(957): CodeIgniter\Router\RouteCollection->{closure}('Can\'t find a route for \'GET: login.php\'.')
 5 SYSTEMPATH\CodeIgniter.php(360): CodeIgniter\CodeIgniter->display404errors(Object(CodeIgniter\Exceptions\PageNotFoundException))
 6 SYSTEMPATH\Boot.php(363): CodeIgniter\CodeIgniter->run()
 7 SYSTEMPATH\Boot.php(68): CodeIgniter\Boot::runCodeIgniter(Object(CodeIgniter\CodeIgniter))
 8 FCPATH\index.php(59): CodeIgniter\Boot::bootWeb(Object(Config\Paths))
ERROR - 2025-08-31 17:52:35 --> mysqli_sql_exception: You have an error in your SQL syntax; check the manual that corresponds to your MariaDB server version for the right syntax to use near '`quantity`) AS `price * quantity`
FROM `products`
WHERE `is_active` = 1
 LIMIT 1' at line 1 in C:\xampp\htdocs\Manrealstore\system\Database\MySQLi\Connection.php:327
Stack trace:
#0 C:\xampp\htdocs\Manrealstore\system\Database\MySQLi\Connection.php(327): mysqli->query('SELECT SUM(`pri...', 0)
#1 C:\xampp\htdocs\Manrealstore\system\Database\BaseConnection.php(729): CodeIgniter\Database\MySQLi\Connection->execute('SELECT SUM(`pri...')
#2 C:\xampp\htdocs\Manrealstore\system\Database\BaseConnection.php(646): CodeIgniter\Database\BaseConnection->simpleQuery('SELECT SUM(`pri...')
#3 C:\xampp\htdocs\Manrealstore\system\Database\BaseBuilder.php(1649): CodeIgniter\Database\BaseConnection->query('SELECT SUM(`pri...', Array, false)
#4 C:\xampp\htdocs\Manrealstore\system\Model.php(330): CodeIgniter\Database\BaseBuilder->get()
#5 C:\xampp\htdocs\Manrealstore\system\BaseModel.php(715): CodeIgniter\Model->doFirst()
#6 C:\xampp\htdocs\Manrealstore\app\Models\ProductModel.php(194): CodeIgniter\BaseModel->first()
#7 C:\xampp\htdocs\Manrealstore\app\Controllers\DashboardController.php(65): App\Models\ProductModel->getProductStats()
#8 C:\xampp\htdocs\Manrealstore\app\Controllers\DashboardController.php(34): App\Controllers\DashboardController->getDashboardStats()
#9 C:\xampp\htdocs\Manrealstore\system\CodeIgniter.php(933): App\Controllers\DashboardController->index()
#10 C:\xampp\htdocs\Manrealstore\system\CodeIgniter.php(507): CodeIgniter\CodeIgniter->runController(Object(App\Controllers\DashboardController))
#11 C:\xampp\htdocs\Manrealstore\system\CodeIgniter.php(354): CodeIgniter\CodeIgniter->handleRequest(NULL, Object(Config\Cache), false)
#12 C:\xampp\htdocs\Manrealstore\system\Boot.php(363): CodeIgniter\CodeIgniter->run()
#13 C:\xampp\htdocs\Manrealstore\system\Boot.php(68): CodeIgniter\Boot::runCodeIgniter(Object(CodeIgniter\CodeIgniter))
#14 C:\xampp\htdocs\Manrealstore\public\index.php(59): CodeIgniter\Boot::bootWeb(Object(Config\Paths))
#15 {main}
CRITICAL - 2025-08-31 17:52:35 --> CodeIgniter\Database\Exceptions\DatabaseException: You have an error in your SQL syntax; check the manual that corresponds to your MariaDB server version for the right syntax to use near '`quantity`) AS `price * quantity`
FROM `products`
WHERE `is_active` = 1
 LIMIT 1' at line 1
[Method: GET, Route: dashboard]
in SYSTEMPATH\Database\BaseConnection.php on line 684.
 1 SYSTEMPATH\Database\BaseBuilder.php(1649): CodeIgniter\Database\BaseConnection->query('SELECT SUM(`price *` `quantity`) AS `price * quantity`
FROM `products`
WHERE `is_active` = :is_active.3:
 LIMIT 1', [...], false)
 2 SYSTEMPATH\Model.php(330): CodeIgniter\Database\BaseBuilder->get()
 3 SYSTEMPATH\BaseModel.php(715): CodeIgniter\Model->doFirst()
 4 APPPATH\Models\ProductModel.php(194): CodeIgniter\BaseModel->first()
 5 APPPATH\Controllers\DashboardController.php(65): App\Models\ProductModel->getProductStats()
 6 APPPATH\Controllers\DashboardController.php(34): App\Controllers\DashboardController->getDashboardStats()
 7 SYSTEMPATH\CodeIgniter.php(933): App\Controllers\DashboardController->index()
 8 SYSTEMPATH\CodeIgniter.php(507): CodeIgniter\CodeIgniter->runController(Object(App\Controllers\DashboardController))
 9 SYSTEMPATH\CodeIgniter.php(354): CodeIgniter\CodeIgniter->handleRequest(null, Object(Config\Cache), false)
10 SYSTEMPATH\Boot.php(363): CodeIgniter\CodeIgniter->run()
11 SYSTEMPATH\Boot.php(68): CodeIgniter\Boot::runCodeIgniter(Object(CodeIgniter\CodeIgniter))
12 FCPATH\index.php(59): CodeIgniter\Boot::bootWeb(Object(Config\Paths))
CRITICAL - 2025-08-31 17:52:35 --> [Caused by] CodeIgniter\Database\Exceptions\DatabaseException: You have an error in your SQL syntax; check the manual that corresponds to your MariaDB server version for the right syntax to use near '`quantity`) AS `price * quantity`
FROM `products`
WHERE `is_active` = 1
 LIMIT 1' at line 1
in SYSTEMPATH\Database\MySQLi\Connection.php on line 332.
 1 SYSTEMPATH\Database\BaseConnection.php(729): CodeIgniter\Database\MySQLi\Connection->execute('SELECT SUM(`price *` `quantity`) AS `price * quantity`
FROM `products`
WHERE `is_active` = 1
 LIMIT 1')
 2 SYSTEMPATH\Database\BaseConnection.php(646): CodeIgniter\Database\BaseConnection->simpleQuery('SELECT SUM(`price *` `quantity`) AS `price * quantity`
FROM `products`
WHERE `is_active` = 1
 LIMIT 1')
 3 SYSTEMPATH\Database\BaseBuilder.php(1649): CodeIgniter\Database\BaseConnection->query('SELECT SUM(`price *` `quantity`) AS `price * quantity`
FROM `products`
WHERE `is_active` = :is_active.3:
 LIMIT 1', [...], false)
 4 SYSTEMPATH\Model.php(330): CodeIgniter\Database\BaseBuilder->get()
 5 SYSTEMPATH\BaseModel.php(715): CodeIgniter\Model->doFirst()
 6 APPPATH\Models\ProductModel.php(194): CodeIgniter\BaseModel->first()
 7 APPPATH\Controllers\DashboardController.php(65): App\Models\ProductModel->getProductStats()
 8 APPPATH\Controllers\DashboardController.php(34): App\Controllers\DashboardController->getDashboardStats()
 9 SYSTEMPATH\CodeIgniter.php(933): App\Controllers\DashboardController->index()
10 SYSTEMPATH\CodeIgniter.php(507): CodeIgniter\CodeIgniter->runController(Object(App\Controllers\DashboardController))
11 SYSTEMPATH\CodeIgniter.php(354): CodeIgniter\CodeIgniter->handleRequest(null, Object(Config\Cache), false)
12 SYSTEMPATH\Boot.php(363): CodeIgniter\CodeIgniter->run()
13 SYSTEMPATH\Boot.php(68): CodeIgniter\Boot::runCodeIgniter(Object(CodeIgniter\CodeIgniter))
14 FCPATH\index.php(59): CodeIgniter\Boot::bootWeb(Object(Config\Paths))
CRITICAL - 2025-08-31 17:52:35 --> [Caused by] mysqli_sql_exception: You have an error in your SQL syntax; check the manual that corresponds to your MariaDB server version for the right syntax to use near '`quantity`) AS `price * quantity`
FROM `products`
WHERE `is_active` = 1
 LIMIT 1' at line 1
in SYSTEMPATH\Database\MySQLi\Connection.php on line 327.
 1 SYSTEMPATH\Database\MySQLi\Connection.php(327): mysqli->query('SELECT SUM(`price *` `quantity`) AS `price * quantity`
FROM `products`
WHERE `is_active` = 1
 LIMIT 1', 0)
 2 SYSTEMPATH\Database\BaseConnection.php(729): CodeIgniter\Database\MySQLi\Connection->execute('SELECT SUM(`price *` `quantity`) AS `price * quantity`
FROM `products`
WHERE `is_active` = 1
 LIMIT 1')
 3 SYSTEMPATH\Database\BaseConnection.php(646): CodeIgniter\Database\BaseConnection->simpleQuery('SELECT SUM(`price *` `quantity`) AS `price * quantity`
FROM `products`
WHERE `is_active` = 1
 LIMIT 1')
 4 SYSTEMPATH\Database\BaseBuilder.php(1649): CodeIgniter\Database\BaseConnection->query('SELECT SUM(`price *` `quantity`) AS `price * quantity`
FROM `products`
WHERE `is_active` = :is_active.3:
 LIMIT 1', [...], false)
 5 SYSTEMPATH\Model.php(330): CodeIgniter\Database\BaseBuilder->get()
 6 SYSTEMPATH\BaseModel.php(715): CodeIgniter\Model->doFirst()
 7 APPPATH\Models\ProductModel.php(194): CodeIgniter\BaseModel->first()
 8 APPPATH\Controllers\DashboardController.php(65): App\Models\ProductModel->getProductStats()
 9 APPPATH\Controllers\DashboardController.php(34): App\Controllers\DashboardController->getDashboardStats()
10 SYSTEMPATH\CodeIgniter.php(933): App\Controllers\DashboardController->index()
11 SYSTEMPATH\CodeIgniter.php(507): CodeIgniter\CodeIgniter->runController(Object(App\Controllers\DashboardController))
12 SYSTEMPATH\CodeIgniter.php(354): CodeIgniter\CodeIgniter->handleRequest(null, Object(Config\Cache), false)
13 SYSTEMPATH\Boot.php(363): CodeIgniter\CodeIgniter->run()
14 SYSTEMPATH\Boot.php(68): CodeIgniter\Boot::runCodeIgniter(Object(CodeIgniter\CodeIgniter))
15 FCPATH\index.php(59): CodeIgniter\Boot::bootWeb(Object(Config\Paths))
ERROR - 2025-08-31 17:54:41 --> mysqli_sql_exception: You have an error in your SQL syntax; check the manual that corresponds to your MariaDB server version for the right syntax to use near '`quantity`) AS `price * quantity`
FROM `products`
WHERE `is_active` = 1
 LIMIT 1' at line 1 in C:\xampp\htdocs\Manrealstore\system\Database\MySQLi\Connection.php:327
Stack trace:
#0 C:\xampp\htdocs\Manrealstore\system\Database\MySQLi\Connection.php(327): mysqli->query('SELECT SUM(`pri...', 0)
#1 C:\xampp\htdocs\Manrealstore\system\Database\BaseConnection.php(729): CodeIgniter\Database\MySQLi\Connection->execute('SELECT SUM(`pri...')
#2 C:\xampp\htdocs\Manrealstore\system\Database\BaseConnection.php(646): CodeIgniter\Database\BaseConnection->simpleQuery('SELECT SUM(`pri...')
#3 C:\xampp\htdocs\Manrealstore\system\Database\BaseBuilder.php(1649): CodeIgniter\Database\BaseConnection->query('SELECT SUM(`pri...', Array, false)
#4 C:\xampp\htdocs\Manrealstore\system\Model.php(330): CodeIgniter\Database\BaseBuilder->get()
#5 C:\xampp\htdocs\Manrealstore\system\BaseModel.php(715): CodeIgniter\Model->doFirst()
#6 C:\xampp\htdocs\Manrealstore\app\Models\ProductModel.php(194): CodeIgniter\BaseModel->first()
#7 C:\xampp\htdocs\Manrealstore\app\Controllers\DashboardController.php(65): App\Models\ProductModel->getProductStats()
#8 C:\xampp\htdocs\Manrealstore\app\Controllers\DashboardController.php(34): App\Controllers\DashboardController->getDashboardStats()
#9 C:\xampp\htdocs\Manrealstore\system\CodeIgniter.php(933): App\Controllers\DashboardController->index()
#10 C:\xampp\htdocs\Manrealstore\system\CodeIgniter.php(507): CodeIgniter\CodeIgniter->runController(Object(App\Controllers\DashboardController))
#11 C:\xampp\htdocs\Manrealstore\system\CodeIgniter.php(354): CodeIgniter\CodeIgniter->handleRequest(NULL, Object(Config\Cache), false)
#12 C:\xampp\htdocs\Manrealstore\system\Boot.php(363): CodeIgniter\CodeIgniter->run()
#13 C:\xampp\htdocs\Manrealstore\system\Boot.php(68): CodeIgniter\Boot::runCodeIgniter(Object(CodeIgniter\CodeIgniter))
#14 C:\xampp\htdocs\Manrealstore\public\index.php(59): CodeIgniter\Boot::bootWeb(Object(Config\Paths))
#15 {main}
CRITICAL - 2025-08-31 17:54:41 --> CodeIgniter\Database\Exceptions\DatabaseException: You have an error in your SQL syntax; check the manual that corresponds to your MariaDB server version for the right syntax to use near '`quantity`) AS `price * quantity`
FROM `products`
WHERE `is_active` = 1
 LIMIT 1' at line 1
[Method: GET, Route: dashboard]
in SYSTEMPATH\Database\BaseConnection.php on line 684.
 1 SYSTEMPATH\Database\BaseBuilder.php(1649): CodeIgniter\Database\BaseConnection->query('SELECT SUM(`price *` `quantity`) AS `price * quantity`
FROM `products`
WHERE `is_active` = :is_active.3:
 LIMIT 1', [...], false)
 2 SYSTEMPATH\Model.php(330): CodeIgniter\Database\BaseBuilder->get()
 3 SYSTEMPATH\BaseModel.php(715): CodeIgniter\Model->doFirst()
 4 APPPATH\Models\ProductModel.php(194): CodeIgniter\BaseModel->first()
 5 APPPATH\Controllers\DashboardController.php(65): App\Models\ProductModel->getProductStats()
 6 APPPATH\Controllers\DashboardController.php(34): App\Controllers\DashboardController->getDashboardStats()
 7 SYSTEMPATH\CodeIgniter.php(933): App\Controllers\DashboardController->index()
 8 SYSTEMPATH\CodeIgniter.php(507): CodeIgniter\CodeIgniter->runController(Object(App\Controllers\DashboardController))
 9 SYSTEMPATH\CodeIgniter.php(354): CodeIgniter\CodeIgniter->handleRequest(null, Object(Config\Cache), false)
10 SYSTEMPATH\Boot.php(363): CodeIgniter\CodeIgniter->run()
11 SYSTEMPATH\Boot.php(68): CodeIgniter\Boot::runCodeIgniter(Object(CodeIgniter\CodeIgniter))
12 FCPATH\index.php(59): CodeIgniter\Boot::bootWeb(Object(Config\Paths))
CRITICAL - 2025-08-31 17:54:41 --> [Caused by] CodeIgniter\Database\Exceptions\DatabaseException: You have an error in your SQL syntax; check the manual that corresponds to your MariaDB server version for the right syntax to use near '`quantity`) AS `price * quantity`
FROM `products`
WHERE `is_active` = 1
 LIMIT 1' at line 1
in SYSTEMPATH\Database\MySQLi\Connection.php on line 332.
 1 SYSTEMPATH\Database\BaseConnection.php(729): CodeIgniter\Database\MySQLi\Connection->execute('SELECT SUM(`price *` `quantity`) AS `price * quantity`
FROM `products`
WHERE `is_active` = 1
 LIMIT 1')
 2 SYSTEMPATH\Database\BaseConnection.php(646): CodeIgniter\Database\BaseConnection->simpleQuery('SELECT SUM(`price *` `quantity`) AS `price * quantity`
FROM `products`
WHERE `is_active` = 1
 LIMIT 1')
 3 SYSTEMPATH\Database\BaseBuilder.php(1649): CodeIgniter\Database\BaseConnection->query('SELECT SUM(`price *` `quantity`) AS `price * quantity`
FROM `products`
WHERE `is_active` = :is_active.3:
 LIMIT 1', [...], false)
 4 SYSTEMPATH\Model.php(330): CodeIgniter\Database\BaseBuilder->get()
 5 SYSTEMPATH\BaseModel.php(715): CodeIgniter\Model->doFirst()
 6 APPPATH\Models\ProductModel.php(194): CodeIgniter\BaseModel->first()
 7 APPPATH\Controllers\DashboardController.php(65): App\Models\ProductModel->getProductStats()
 8 APPPATH\Controllers\DashboardController.php(34): App\Controllers\DashboardController->getDashboardStats()
 9 SYSTEMPATH\CodeIgniter.php(933): App\Controllers\DashboardController->index()
10 SYSTEMPATH\CodeIgniter.php(507): CodeIgniter\CodeIgniter->runController(Object(App\Controllers\DashboardController))
11 SYSTEMPATH\CodeIgniter.php(354): CodeIgniter\CodeIgniter->handleRequest(null, Object(Config\Cache), false)
12 SYSTEMPATH\Boot.php(363): CodeIgniter\CodeIgniter->run()
13 SYSTEMPATH\Boot.php(68): CodeIgniter\Boot::runCodeIgniter(Object(CodeIgniter\CodeIgniter))
14 FCPATH\index.php(59): CodeIgniter\Boot::bootWeb(Object(Config\Paths))
CRITICAL - 2025-08-31 17:54:41 --> [Caused by] mysqli_sql_exception: You have an error in your SQL syntax; check the manual that corresponds to your MariaDB server version for the right syntax to use near '`quantity`) AS `price * quantity`
FROM `products`
WHERE `is_active` = 1
 LIMIT 1' at line 1
in SYSTEMPATH\Database\MySQLi\Connection.php on line 327.
 1 SYSTEMPATH\Database\MySQLi\Connection.php(327): mysqli->query('SELECT SUM(`price *` `quantity`) AS `price * quantity`
FROM `products`
WHERE `is_active` = 1
 LIMIT 1', 0)
 2 SYSTEMPATH\Database\BaseConnection.php(729): CodeIgniter\Database\MySQLi\Connection->execute('SELECT SUM(`price *` `quantity`) AS `price * quantity`
FROM `products`
WHERE `is_active` = 1
 LIMIT 1')
 3 SYSTEMPATH\Database\BaseConnection.php(646): CodeIgniter\Database\BaseConnection->simpleQuery('SELECT SUM(`price *` `quantity`) AS `price * quantity`
FROM `products`
WHERE `is_active` = 1
 LIMIT 1')
 4 SYSTEMPATH\Database\BaseBuilder.php(1649): CodeIgniter\Database\BaseConnection->query('SELECT SUM(`price *` `quantity`) AS `price * quantity`
FROM `products`
WHERE `is_active` = :is_active.3:
 LIMIT 1', [...], false)
 5 SYSTEMPATH\Model.php(330): CodeIgniter\Database\BaseBuilder->get()
 6 SYSTEMPATH\BaseModel.php(715): CodeIgniter\Model->doFirst()
 7 APPPATH\Models\ProductModel.php(194): CodeIgniter\BaseModel->first()
 8 APPPATH\Controllers\DashboardController.php(65): App\Models\ProductModel->getProductStats()
 9 APPPATH\Controllers\DashboardController.php(34): App\Controllers\DashboardController->getDashboardStats()
10 SYSTEMPATH\CodeIgniter.php(933): App\Controllers\DashboardController->index()
11 SYSTEMPATH\CodeIgniter.php(507): CodeIgniter\CodeIgniter->runController(Object(App\Controllers\DashboardController))
12 SYSTEMPATH\CodeIgniter.php(354): CodeIgniter\CodeIgniter->handleRequest(null, Object(Config\Cache), false)
13 SYSTEMPATH\Boot.php(363): CodeIgniter\CodeIgniter->run()
14 SYSTEMPATH\Boot.php(68): CodeIgniter\Boot::runCodeIgniter(Object(CodeIgniter\CodeIgniter))
15 FCPATH\index.php(59): CodeIgniter\Boot::bootWeb(Object(Config\Paths))
ERROR - 2025-08-31 17:54:44 --> mysqli_sql_exception: You have an error in your SQL syntax; check the manual that corresponds to your MariaDB server version for the right syntax to use near '`quantity`) AS `price * quantity`
FROM `products`
WHERE `is_active` = 1
 LIMIT 1' at line 1 in C:\xampp\htdocs\Manrealstore\system\Database\MySQLi\Connection.php:327
Stack trace:
#0 C:\xampp\htdocs\Manrealstore\system\Database\MySQLi\Connection.php(327): mysqli->query('SELECT SUM(`pri...', 0)
#1 C:\xampp\htdocs\Manrealstore\system\Database\BaseConnection.php(729): CodeIgniter\Database\MySQLi\Connection->execute('SELECT SUM(`pri...')
#2 C:\xampp\htdocs\Manrealstore\system\Database\BaseConnection.php(646): CodeIgniter\Database\BaseConnection->simpleQuery('SELECT SUM(`pri...')
#3 C:\xampp\htdocs\Manrealstore\system\Database\BaseBuilder.php(1649): CodeIgniter\Database\BaseConnection->query('SELECT SUM(`pri...', Array, false)
#4 C:\xampp\htdocs\Manrealstore\system\Model.php(330): CodeIgniter\Database\BaseBuilder->get()
#5 C:\xampp\htdocs\Manrealstore\system\BaseModel.php(715): CodeIgniter\Model->doFirst()
#6 C:\xampp\htdocs\Manrealstore\app\Models\ProductModel.php(194): CodeIgniter\BaseModel->first()
#7 C:\xampp\htdocs\Manrealstore\app\Controllers\DashboardController.php(65): App\Models\ProductModel->getProductStats()
#8 C:\xampp\htdocs\Manrealstore\app\Controllers\DashboardController.php(34): App\Controllers\DashboardController->getDashboardStats()
#9 C:\xampp\htdocs\Manrealstore\system\CodeIgniter.php(933): App\Controllers\DashboardController->index()
#10 C:\xampp\htdocs\Manrealstore\system\CodeIgniter.php(507): CodeIgniter\CodeIgniter->runController(Object(App\Controllers\DashboardController))
#11 C:\xampp\htdocs\Manrealstore\system\CodeIgniter.php(354): CodeIgniter\CodeIgniter->handleRequest(NULL, Object(Config\Cache), false)
#12 C:\xampp\htdocs\Manrealstore\system\Boot.php(363): CodeIgniter\CodeIgniter->run()
#13 C:\xampp\htdocs\Manrealstore\system\Boot.php(68): CodeIgniter\Boot::runCodeIgniter(Object(CodeIgniter\CodeIgniter))
#14 C:\xampp\htdocs\Manrealstore\public\index.php(59): CodeIgniter\Boot::bootWeb(Object(Config\Paths))
#15 {main}
CRITICAL - 2025-08-31 17:54:44 --> CodeIgniter\Database\Exceptions\DatabaseException: You have an error in your SQL syntax; check the manual that corresponds to your MariaDB server version for the right syntax to use near '`quantity`) AS `price * quantity`
FROM `products`
WHERE `is_active` = 1
 LIMIT 1' at line 1
[Method: GET, Route: dashboard]
in SYSTEMPATH\Database\BaseConnection.php on line 684.
 1 SYSTEMPATH\Database\BaseBuilder.php(1649): CodeIgniter\Database\BaseConnection->query('SELECT SUM(`price *` `quantity`) AS `price * quantity`
FROM `products`
WHERE `is_active` = :is_active.3:
 LIMIT 1', [...], false)
 2 SYSTEMPATH\Model.php(330): CodeIgniter\Database\BaseBuilder->get()
 3 SYSTEMPATH\BaseModel.php(715): CodeIgniter\Model->doFirst()
 4 APPPATH\Models\ProductModel.php(194): CodeIgniter\BaseModel->first()
 5 APPPATH\Controllers\DashboardController.php(65): App\Models\ProductModel->getProductStats()
 6 APPPATH\Controllers\DashboardController.php(34): App\Controllers\DashboardController->getDashboardStats()
 7 SYSTEMPATH\CodeIgniter.php(933): App\Controllers\DashboardController->index()
 8 SYSTEMPATH\CodeIgniter.php(507): CodeIgniter\CodeIgniter->runController(Object(App\Controllers\DashboardController))
 9 SYSTEMPATH\CodeIgniter.php(354): CodeIgniter\CodeIgniter->handleRequest(null, Object(Config\Cache), false)
10 SYSTEMPATH\Boot.php(363): CodeIgniter\CodeIgniter->run()
11 SYSTEMPATH\Boot.php(68): CodeIgniter\Boot::runCodeIgniter(Object(CodeIgniter\CodeIgniter))
12 FCPATH\index.php(59): CodeIgniter\Boot::bootWeb(Object(Config\Paths))
CRITICAL - 2025-08-31 17:54:44 --> [Caused by] CodeIgniter\Database\Exceptions\DatabaseException: You have an error in your SQL syntax; check the manual that corresponds to your MariaDB server version for the right syntax to use near '`quantity`) AS `price * quantity`
FROM `products`
WHERE `is_active` = 1
 LIMIT 1' at line 1
in SYSTEMPATH\Database\MySQLi\Connection.php on line 332.
 1 SYSTEMPATH\Database\BaseConnection.php(729): CodeIgniter\Database\MySQLi\Connection->execute('SELECT SUM(`price *` `quantity`) AS `price * quantity`
FROM `products`
WHERE `is_active` = 1
 LIMIT 1')
 2 SYSTEMPATH\Database\BaseConnection.php(646): CodeIgniter\Database\BaseConnection->simpleQuery('SELECT SUM(`price *` `quantity`) AS `price * quantity`
FROM `products`
WHERE `is_active` = 1
 LIMIT 1')
 3 SYSTEMPATH\Database\BaseBuilder.php(1649): CodeIgniter\Database\BaseConnection->query('SELECT SUM(`price *` `quantity`) AS `price * quantity`
FROM `products`
WHERE `is_active` = :is_active.3:
 LIMIT 1', [...], false)
 4 SYSTEMPATH\Model.php(330): CodeIgniter\Database\BaseBuilder->get()
 5 SYSTEMPATH\BaseModel.php(715): CodeIgniter\Model->doFirst()
 6 APPPATH\Models\ProductModel.php(194): CodeIgniter\BaseModel->first()
 7 APPPATH\Controllers\DashboardController.php(65): App\Models\ProductModel->getProductStats()
 8 APPPATH\Controllers\DashboardController.php(34): App\Controllers\DashboardController->getDashboardStats()
 9 SYSTEMPATH\CodeIgniter.php(933): App\Controllers\DashboardController->index()
10 SYSTEMPATH\CodeIgniter.php(507): CodeIgniter\CodeIgniter->runController(Object(App\Controllers\DashboardController))
11 SYSTEMPATH\CodeIgniter.php(354): CodeIgniter\CodeIgniter->handleRequest(null, Object(Config\Cache), false)
12 SYSTEMPATH\Boot.php(363): CodeIgniter\CodeIgniter->run()
13 SYSTEMPATH\Boot.php(68): CodeIgniter\Boot::runCodeIgniter(Object(CodeIgniter\CodeIgniter))
14 FCPATH\index.php(59): CodeIgniter\Boot::bootWeb(Object(Config\Paths))
CRITICAL - 2025-08-31 17:54:44 --> [Caused by] mysqli_sql_exception: You have an error in your SQL syntax; check the manual that corresponds to your MariaDB server version for the right syntax to use near '`quantity`) AS `price * quantity`
FROM `products`
WHERE `is_active` = 1
 LIMIT 1' at line 1
in SYSTEMPATH\Database\MySQLi\Connection.php on line 327.
 1 SYSTEMPATH\Database\MySQLi\Connection.php(327): mysqli->query('SELECT SUM(`price *` `quantity`) AS `price * quantity`
FROM `products`
WHERE `is_active` = 1
 LIMIT 1', 0)
 2 SYSTEMPATH\Database\BaseConnection.php(729): CodeIgniter\Database\MySQLi\Connection->execute('SELECT SUM(`price *` `quantity`) AS `price * quantity`
FROM `products`
WHERE `is_active` = 1
 LIMIT 1')
 3 SYSTEMPATH\Database\BaseConnection.php(646): CodeIgniter\Database\BaseConnection->simpleQuery('SELECT SUM(`price *` `quantity`) AS `price * quantity`
FROM `products`
WHERE `is_active` = 1
 LIMIT 1')
 4 SYSTEMPATH\Database\BaseBuilder.php(1649): CodeIgniter\Database\BaseConnection->query('SELECT SUM(`price *` `quantity`) AS `price * quantity`
FROM `products`
WHERE `is_active` = :is_active.3:
 LIMIT 1', [...], false)
 5 SYSTEMPATH\Model.php(330): CodeIgniter\Database\BaseBuilder->get()
 6 SYSTEMPATH\BaseModel.php(715): CodeIgniter\Model->doFirst()
 7 APPPATH\Models\ProductModel.php(194): CodeIgniter\BaseModel->first()
 8 APPPATH\Controllers\DashboardController.php(65): App\Models\ProductModel->getProductStats()
 9 APPPATH\Controllers\DashboardController.php(34): App\Controllers\DashboardController->getDashboardStats()
10 SYSTEMPATH\CodeIgniter.php(933): App\Controllers\DashboardController->index()
11 SYSTEMPATH\CodeIgniter.php(507): CodeIgniter\CodeIgniter->runController(Object(App\Controllers\DashboardController))
12 SYSTEMPATH\CodeIgniter.php(354): CodeIgniter\CodeIgniter->handleRequest(null, Object(Config\Cache), false)
13 SYSTEMPATH\Boot.php(363): CodeIgniter\CodeIgniter->run()
14 SYSTEMPATH\Boot.php(68): CodeIgniter\Boot::runCodeIgniter(Object(CodeIgniter\CodeIgniter))
15 FCPATH\index.php(59): CodeIgniter\Boot::bootWeb(Object(Config\Paths))
ERROR - 2025-08-31 17:56:06 --> mysqli_sql_exception: You have an error in your SQL syntax; check the manual that corresponds to your MariaDB server version for the right syntax to use near '`quantity`) AS `price * quantity`
FROM `products`
WHERE `is_active` = 1
 LIMIT 1' at line 1 in C:\xampp\htdocs\Manrealstore\system\Database\MySQLi\Connection.php:327
Stack trace:
#0 C:\xampp\htdocs\Manrealstore\system\Database\MySQLi\Connection.php(327): mysqli->query('SELECT SUM(`pri...', 0)
#1 C:\xampp\htdocs\Manrealstore\system\Database\BaseConnection.php(729): CodeIgniter\Database\MySQLi\Connection->execute('SELECT SUM(`pri...')
#2 C:\xampp\htdocs\Manrealstore\system\Database\BaseConnection.php(646): CodeIgniter\Database\BaseConnection->simpleQuery('SELECT SUM(`pri...')
#3 C:\xampp\htdocs\Manrealstore\system\Database\BaseBuilder.php(1649): CodeIgniter\Database\BaseConnection->query('SELECT SUM(`pri...', Array, false)
#4 C:\xampp\htdocs\Manrealstore\system\Model.php(330): CodeIgniter\Database\BaseBuilder->get()
#5 C:\xampp\htdocs\Manrealstore\system\BaseModel.php(715): CodeIgniter\Model->doFirst()
#6 C:\xampp\htdocs\Manrealstore\app\Models\ProductModel.php(194): CodeIgniter\BaseModel->first()
#7 C:\xampp\htdocs\Manrealstore\app\Controllers\DashboardController.php(65): App\Models\ProductModel->getProductStats()
#8 C:\xampp\htdocs\Manrealstore\app\Controllers\DashboardController.php(34): App\Controllers\DashboardController->getDashboardStats()
#9 C:\xampp\htdocs\Manrealstore\system\CodeIgniter.php(933): App\Controllers\DashboardController->index()
#10 C:\xampp\htdocs\Manrealstore\system\CodeIgniter.php(507): CodeIgniter\CodeIgniter->runController(Object(App\Controllers\DashboardController))
#11 C:\xampp\htdocs\Manrealstore\system\CodeIgniter.php(354): CodeIgniter\CodeIgniter->handleRequest(NULL, Object(Config\Cache), false)
#12 C:\xampp\htdocs\Manrealstore\system\Boot.php(363): CodeIgniter\CodeIgniter->run()
#13 C:\xampp\htdocs\Manrealstore\system\Boot.php(68): CodeIgniter\Boot::runCodeIgniter(Object(CodeIgniter\CodeIgniter))
#14 C:\xampp\htdocs\Manrealstore\public\index.php(59): CodeIgniter\Boot::bootWeb(Object(Config\Paths))
#15 {main}
CRITICAL - 2025-08-31 17:56:06 --> CodeIgniter\Database\Exceptions\DatabaseException: You have an error in your SQL syntax; check the manual that corresponds to your MariaDB server version for the right syntax to use near '`quantity`) AS `price * quantity`
FROM `products`
WHERE `is_active` = 1
 LIMIT 1' at line 1
[Method: GET, Route: dashboard]
in SYSTEMPATH\Database\BaseConnection.php on line 684.
 1 SYSTEMPATH\Database\BaseBuilder.php(1649): CodeIgniter\Database\BaseConnection->query('SELECT SUM(`price *` `quantity`) AS `price * quantity`
FROM `products`
WHERE `is_active` = :is_active.3:
 LIMIT 1', [...], false)
 2 SYSTEMPATH\Model.php(330): CodeIgniter\Database\BaseBuilder->get()
 3 SYSTEMPATH\BaseModel.php(715): CodeIgniter\Model->doFirst()
 4 APPPATH\Models\ProductModel.php(194): CodeIgniter\BaseModel->first()
 5 APPPATH\Controllers\DashboardController.php(65): App\Models\ProductModel->getProductStats()
 6 APPPATH\Controllers\DashboardController.php(34): App\Controllers\DashboardController->getDashboardStats()
 7 SYSTEMPATH\CodeIgniter.php(933): App\Controllers\DashboardController->index()
 8 SYSTEMPATH\CodeIgniter.php(507): CodeIgniter\CodeIgniter->runController(Object(App\Controllers\DashboardController))
 9 SYSTEMPATH\CodeIgniter.php(354): CodeIgniter\CodeIgniter->handleRequest(null, Object(Config\Cache), false)
10 SYSTEMPATH\Boot.php(363): CodeIgniter\CodeIgniter->run()
11 SYSTEMPATH\Boot.php(68): CodeIgniter\Boot::runCodeIgniter(Object(CodeIgniter\CodeIgniter))
12 FCPATH\index.php(59): CodeIgniter\Boot::bootWeb(Object(Config\Paths))
CRITICAL - 2025-08-31 17:56:06 --> [Caused by] CodeIgniter\Database\Exceptions\DatabaseException: You have an error in your SQL syntax; check the manual that corresponds to your MariaDB server version for the right syntax to use near '`quantity`) AS `price * quantity`
FROM `products`
WHERE `is_active` = 1
 LIMIT 1' at line 1
in SYSTEMPATH\Database\MySQLi\Connection.php on line 332.
 1 SYSTEMPATH\Database\BaseConnection.php(729): CodeIgniter\Database\MySQLi\Connection->execute('SELECT SUM(`price *` `quantity`) AS `price * quantity`
FROM `products`
WHERE `is_active` = 1
 LIMIT 1')
 2 SYSTEMPATH\Database\BaseConnection.php(646): CodeIgniter\Database\BaseConnection->simpleQuery('SELECT SUM(`price *` `quantity`) AS `price * quantity`
FROM `products`
WHERE `is_active` = 1
 LIMIT 1')
 3 SYSTEMPATH\Database\BaseBuilder.php(1649): CodeIgniter\Database\BaseConnection->query('SELECT SUM(`price *` `quantity`) AS `price * quantity`
FROM `products`
WHERE `is_active` = :is_active.3:
 LIMIT 1', [...], false)
 4 SYSTEMPATH\Model.php(330): CodeIgniter\Database\BaseBuilder->get()
 5 SYSTEMPATH\BaseModel.php(715): CodeIgniter\Model->doFirst()
 6 APPPATH\Models\ProductModel.php(194): CodeIgniter\BaseModel->first()
 7 APPPATH\Controllers\DashboardController.php(65): App\Models\ProductModel->getProductStats()
 8 APPPATH\Controllers\DashboardController.php(34): App\Controllers\DashboardController->getDashboardStats()
 9 SYSTEMPATH\CodeIgniter.php(933): App\Controllers\DashboardController->index()
10 SYSTEMPATH\CodeIgniter.php(507): CodeIgniter\CodeIgniter->runController(Object(App\Controllers\DashboardController))
11 SYSTEMPATH\CodeIgniter.php(354): CodeIgniter\CodeIgniter->handleRequest(null, Object(Config\Cache), false)
12 SYSTEMPATH\Boot.php(363): CodeIgniter\CodeIgniter->run()
13 SYSTEMPATH\Boot.php(68): CodeIgniter\Boot::runCodeIgniter(Object(CodeIgniter\CodeIgniter))
14 FCPATH\index.php(59): CodeIgniter\Boot::bootWeb(Object(Config\Paths))
CRITICAL - 2025-08-31 17:56:06 --> [Caused by] mysqli_sql_exception: You have an error in your SQL syntax; check the manual that corresponds to your MariaDB server version for the right syntax to use near '`quantity`) AS `price * quantity`
FROM `products`
WHERE `is_active` = 1
 LIMIT 1' at line 1
in SYSTEMPATH\Database\MySQLi\Connection.php on line 327.
 1 SYSTEMPATH\Database\MySQLi\Connection.php(327): mysqli->query('SELECT SUM(`price *` `quantity`) AS `price * quantity`
FROM `products`
WHERE `is_active` = 1
 LIMIT 1', 0)
 2 SYSTEMPATH\Database\BaseConnection.php(729): CodeIgniter\Database\MySQLi\Connection->execute('SELECT SUM(`price *` `quantity`) AS `price * quantity`
FROM `products`
WHERE `is_active` = 1
 LIMIT 1')
 3 SYSTEMPATH\Database\BaseConnection.php(646): CodeIgniter\Database\BaseConnection->simpleQuery('SELECT SUM(`price *` `quantity`) AS `price * quantity`
FROM `products`
WHERE `is_active` = 1
 LIMIT 1')
 4 SYSTEMPATH\Database\BaseBuilder.php(1649): CodeIgniter\Database\BaseConnection->query('SELECT SUM(`price *` `quantity`) AS `price * quantity`
FROM `products`
WHERE `is_active` = :is_active.3:
 LIMIT 1', [...], false)
 5 SYSTEMPATH\Model.php(330): CodeIgniter\Database\BaseBuilder->get()
 6 SYSTEMPATH\BaseModel.php(715): CodeIgniter\Model->doFirst()
 7 APPPATH\Models\ProductModel.php(194): CodeIgniter\BaseModel->first()
 8 APPPATH\Controllers\DashboardController.php(65): App\Models\ProductModel->getProductStats()
 9 APPPATH\Controllers\DashboardController.php(34): App\Controllers\DashboardController->getDashboardStats()
10 SYSTEMPATH\CodeIgniter.php(933): App\Controllers\DashboardController->index()
11 SYSTEMPATH\CodeIgniter.php(507): CodeIgniter\CodeIgniter->runController(Object(App\Controllers\DashboardController))
12 SYSTEMPATH\CodeIgniter.php(354): CodeIgniter\CodeIgniter->handleRequest(null, Object(Config\Cache), false)
13 SYSTEMPATH\Boot.php(363): CodeIgniter\CodeIgniter->run()
14 SYSTEMPATH\Boot.php(68): CodeIgniter\Boot::runCodeIgniter(Object(CodeIgniter\CodeIgniter))
15 FCPATH\index.php(59): CodeIgniter\Boot::bootWeb(Object(Config\Paths))
ERROR - 2025-08-31 17:57:19 --> mysqli_sql_exception: You have an error in your SQL syntax; check the manual that corresponds to your MariaDB server version for the right syntax to use near '`quantity`) AS `price * quantity`
FROM `products`
WHERE `is_active` = 1
 LIMIT 1' at line 1 in C:\xampp\htdocs\Manrealstore\system\Database\MySQLi\Connection.php:327
Stack trace:
#0 C:\xampp\htdocs\Manrealstore\system\Database\MySQLi\Connection.php(327): mysqli->query('SELECT SUM(`pri...', 0)
#1 C:\xampp\htdocs\Manrealstore\system\Database\BaseConnection.php(729): CodeIgniter\Database\MySQLi\Connection->execute('SELECT SUM(`pri...')
#2 C:\xampp\htdocs\Manrealstore\system\Database\BaseConnection.php(646): CodeIgniter\Database\BaseConnection->simpleQuery('SELECT SUM(`pri...')
#3 C:\xampp\htdocs\Manrealstore\system\Database\BaseBuilder.php(1649): CodeIgniter\Database\BaseConnection->query('SELECT SUM(`pri...', Array, false)
#4 C:\xampp\htdocs\Manrealstore\system\Model.php(330): CodeIgniter\Database\BaseBuilder->get()
#5 C:\xampp\htdocs\Manrealstore\system\BaseModel.php(715): CodeIgniter\Model->doFirst()
#6 C:\xampp\htdocs\Manrealstore\app\Models\ProductModel.php(194): CodeIgniter\BaseModel->first()
#7 C:\xampp\htdocs\Manrealstore\app\Controllers\DashboardController.php(65): App\Models\ProductModel->getProductStats()
#8 C:\xampp\htdocs\Manrealstore\app\Controllers\DashboardController.php(34): App\Controllers\DashboardController->getDashboardStats()
#9 C:\xampp\htdocs\Manrealstore\system\CodeIgniter.php(933): App\Controllers\DashboardController->index()
#10 C:\xampp\htdocs\Manrealstore\system\CodeIgniter.php(507): CodeIgniter\CodeIgniter->runController(Object(App\Controllers\DashboardController))
#11 C:\xampp\htdocs\Manrealstore\system\CodeIgniter.php(354): CodeIgniter\CodeIgniter->handleRequest(NULL, Object(Config\Cache), false)
#12 C:\xampp\htdocs\Manrealstore\system\Boot.php(363): CodeIgniter\CodeIgniter->run()
#13 C:\xampp\htdocs\Manrealstore\system\Boot.php(68): CodeIgniter\Boot::runCodeIgniter(Object(CodeIgniter\CodeIgniter))
#14 C:\xampp\htdocs\Manrealstore\public\index.php(59): CodeIgniter\Boot::bootWeb(Object(Config\Paths))
#15 {main}
CRITICAL - 2025-08-31 17:57:19 --> CodeIgniter\Database\Exceptions\DatabaseException: You have an error in your SQL syntax; check the manual that corresponds to your MariaDB server version for the right syntax to use near '`quantity`) AS `price * quantity`
FROM `products`
WHERE `is_active` = 1
 LIMIT 1' at line 1
[Method: GET, Route: dashboard]
in SYSTEMPATH\Database\BaseConnection.php on line 684.
 1 SYSTEMPATH\Database\BaseBuilder.php(1649): CodeIgniter\Database\BaseConnection->query('SELECT SUM(`price *` `quantity`) AS `price * quantity`
FROM `products`
WHERE `is_active` = :is_active.3:
 LIMIT 1', [...], false)
 2 SYSTEMPATH\Model.php(330): CodeIgniter\Database\BaseBuilder->get()
 3 SYSTEMPATH\BaseModel.php(715): CodeIgniter\Model->doFirst()
 4 APPPATH\Models\ProductModel.php(194): CodeIgniter\BaseModel->first()
 5 APPPATH\Controllers\DashboardController.php(65): App\Models\ProductModel->getProductStats()
 6 APPPATH\Controllers\DashboardController.php(34): App\Controllers\DashboardController->getDashboardStats()
 7 SYSTEMPATH\CodeIgniter.php(933): App\Controllers\DashboardController->index()
 8 SYSTEMPATH\CodeIgniter.php(507): CodeIgniter\CodeIgniter->runController(Object(App\Controllers\DashboardController))
 9 SYSTEMPATH\CodeIgniter.php(354): CodeIgniter\CodeIgniter->handleRequest(null, Object(Config\Cache), false)
10 SYSTEMPATH\Boot.php(363): CodeIgniter\CodeIgniter->run()
11 SYSTEMPATH\Boot.php(68): CodeIgniter\Boot::runCodeIgniter(Object(CodeIgniter\CodeIgniter))
12 FCPATH\index.php(59): CodeIgniter\Boot::bootWeb(Object(Config\Paths))
CRITICAL - 2025-08-31 17:57:19 --> [Caused by] CodeIgniter\Database\Exceptions\DatabaseException: You have an error in your SQL syntax; check the manual that corresponds to your MariaDB server version for the right syntax to use near '`quantity`) AS `price * quantity`
FROM `products`
WHERE `is_active` = 1
 LIMIT 1' at line 1
in SYSTEMPATH\Database\MySQLi\Connection.php on line 332.
 1 SYSTEMPATH\Database\BaseConnection.php(729): CodeIgniter\Database\MySQLi\Connection->execute('SELECT SUM(`price *` `quantity`) AS `price * quantity`
FROM `products`
WHERE `is_active` = 1
 LIMIT 1')
 2 SYSTEMPATH\Database\BaseConnection.php(646): CodeIgniter\Database\BaseConnection->simpleQuery('SELECT SUM(`price *` `quantity`) AS `price * quantity`
FROM `products`
WHERE `is_active` = 1
 LIMIT 1')
 3 SYSTEMPATH\Database\BaseBuilder.php(1649): CodeIgniter\Database\BaseConnection->query('SELECT SUM(`price *` `quantity`) AS `price * quantity`
FROM `products`
WHERE `is_active` = :is_active.3:
 LIMIT 1', [...], false)
 4 SYSTEMPATH\Model.php(330): CodeIgniter\Database\BaseBuilder->get()
 5 SYSTEMPATH\BaseModel.php(715): CodeIgniter\Model->doFirst()
 6 APPPATH\Models\ProductModel.php(194): CodeIgniter\BaseModel->first()
 7 APPPATH\Controllers\DashboardController.php(65): App\Models\ProductModel->getProductStats()
 8 APPPATH\Controllers\DashboardController.php(34): App\Controllers\DashboardController->getDashboardStats()
 9 SYSTEMPATH\CodeIgniter.php(933): App\Controllers\DashboardController->index()
10 SYSTEMPATH\CodeIgniter.php(507): CodeIgniter\CodeIgniter->runController(Object(App\Controllers\DashboardController))
11 SYSTEMPATH\CodeIgniter.php(354): CodeIgniter\CodeIgniter->handleRequest(null, Object(Config\Cache), false)
12 SYSTEMPATH\Boot.php(363): CodeIgniter\CodeIgniter->run()
13 SYSTEMPATH\Boot.php(68): CodeIgniter\Boot::runCodeIgniter(Object(CodeIgniter\CodeIgniter))
14 FCPATH\index.php(59): CodeIgniter\Boot::bootWeb(Object(Config\Paths))
CRITICAL - 2025-08-31 17:57:19 --> [Caused by] mysqli_sql_exception: You have an error in your SQL syntax; check the manual that corresponds to your MariaDB server version for the right syntax to use near '`quantity`) AS `price * quantity`
FROM `products`
WHERE `is_active` = 1
 LIMIT 1' at line 1
in SYSTEMPATH\Database\MySQLi\Connection.php on line 327.
 1 SYSTEMPATH\Database\MySQLi\Connection.php(327): mysqli->query('SELECT SUM(`price *` `quantity`) AS `price * quantity`
FROM `products`
WHERE `is_active` = 1
 LIMIT 1', 0)
 2 SYSTEMPATH\Database\BaseConnection.php(729): CodeIgniter\Database\MySQLi\Connection->execute('SELECT SUM(`price *` `quantity`) AS `price * quantity`
FROM `products`
WHERE `is_active` = 1
 LIMIT 1')
 3 SYSTEMPATH\Database\BaseConnection.php(646): CodeIgniter\Database\BaseConnection->simpleQuery('SELECT SUM(`price *` `quantity`) AS `price * quantity`
FROM `products`
WHERE `is_active` = 1
 LIMIT 1')
 4 SYSTEMPATH\Database\BaseBuilder.php(1649): CodeIgniter\Database\BaseConnection->query('SELECT SUM(`price *` `quantity`) AS `price * quantity`
FROM `products`
WHERE `is_active` = :is_active.3:
 LIMIT 1', [...], false)
 5 SYSTEMPATH\Model.php(330): CodeIgniter\Database\BaseBuilder->get()
 6 SYSTEMPATH\BaseModel.php(715): CodeIgniter\Model->doFirst()
 7 APPPATH\Models\ProductModel.php(194): CodeIgniter\BaseModel->first()
 8 APPPATH\Controllers\DashboardController.php(65): App\Models\ProductModel->getProductStats()
 9 APPPATH\Controllers\DashboardController.php(34): App\Controllers\DashboardController->getDashboardStats()
10 SYSTEMPATH\CodeIgniter.php(933): App\Controllers\DashboardController->index()
11 SYSTEMPATH\CodeIgniter.php(507): CodeIgniter\CodeIgniter->runController(Object(App\Controllers\DashboardController))
12 SYSTEMPATH\CodeIgniter.php(354): CodeIgniter\CodeIgniter->handleRequest(null, Object(Config\Cache), false)
13 SYSTEMPATH\Boot.php(363): CodeIgniter\CodeIgniter->run()
14 SYSTEMPATH\Boot.php(68): CodeIgniter\Boot::runCodeIgniter(Object(CodeIgniter\CodeIgniter))
15 FCPATH\index.php(59): CodeIgniter\Boot::bootWeb(Object(Config\Paths))
CRITICAL - 2025-08-31 17:58:46 --> ErrorException: Undefined variable $is_admin
[Method: GET, Route: dashboard]
in APPPATH\Views\dashboard\index.php on line 218.
 1 APPPATH\Views\dashboard\index.php(218): CodeIgniter\Debug\Exceptions->errorHandler(2, 'Undefined variable $is_admin', 'C:\\xampp\\htdocs\\Manrealstore\\app\\Views\\dashboard\\index.php', 218)
 2 SYSTEMPATH\View\View.php(226): include('C:\\xampp\\htdocs\\Manrealstore\\app\\Views\\dashboard\\index.php')
 3 SYSTEMPATH\View\View.php(229): CodeIgniter\View\View->CodeIgniter\View\{closure}()
 4 SYSTEMPATH\Common.php(1167): CodeIgniter\View\View->render('dashboard/index', [], true)
 5 APPPATH\Controllers\DashboardController.php(41): view('dashboard/index', [...])
 6 SYSTEMPATH\CodeIgniter.php(933): App\Controllers\DashboardController->index()
 7 SYSTEMPATH\CodeIgniter.php(507): CodeIgniter\CodeIgniter->runController(Object(App\Controllers\DashboardController))
 8 SYSTEMPATH\CodeIgniter.php(354): CodeIgniter\CodeIgniter->handleRequest(null, Object(Config\Cache), false)
 9 SYSTEMPATH\Boot.php(363): CodeIgniter\CodeIgniter->run()
10 SYSTEMPATH\Boot.php(68): CodeIgniter\Boot::runCodeIgniter(Object(CodeIgniter\CodeIgniter))
11 FCPATH\index.php(59): CodeIgniter\Boot::bootWeb(Object(Config\Paths))
CRITICAL - 2025-08-31 17:59:56 --> CodeIgniter\Filters\Exceptions\FilterException: "auth" filter must have a matching alias defined.
[Method: GET, Route: products]
in SYSTEMPATH\Filters\Filters.php on line 590.
 1 SYSTEMPATH\Filters\Filters.php(590): CodeIgniter\Filters\Exceptions\FilterException::forNoAlias('auth')
 2 SYSTEMPATH\Filters\Filters.php(641): CodeIgniter\Filters\Filters->enableFilter('auth', 'before')
 3 SYSTEMPATH\CodeIgniter.php(467): CodeIgniter\Filters\Filters->enableFilters([...], 'before')
 4 SYSTEMPATH\CodeIgniter.php(354): CodeIgniter\CodeIgniter->handleRequest(null, Object(Config\Cache), false)
 5 SYSTEMPATH\Boot.php(363): CodeIgniter\CodeIgniter->run()
 6 SYSTEMPATH\Boot.php(68): CodeIgniter\Boot::runCodeIgniter(Object(CodeIgniter\CodeIgniter))
 7 FCPATH\index.php(59): CodeIgniter\Boot::bootWeb(Object(Config\Paths))
CRITICAL - 2025-08-31 17:59:59 --> CodeIgniter\Filters\Exceptions\FilterException: "auth" filter must have a matching alias defined.
[Method: GET, Route: pos]
in SYSTEMPATH\Filters\Filters.php on line 590.
 1 SYSTEMPATH\Filters\Filters.php(590): CodeIgniter\Filters\Exceptions\FilterException::forNoAlias('auth')
 2 SYSTEMPATH\Filters\Filters.php(641): CodeIgniter\Filters\Filters->enableFilter('auth', 'before')
 3 SYSTEMPATH\CodeIgniter.php(467): CodeIgniter\Filters\Filters->enableFilters([...], 'before')
 4 SYSTEMPATH\CodeIgniter.php(354): CodeIgniter\CodeIgniter->handleRequest(null, Object(Config\Cache), false)
 5 SYSTEMPATH\Boot.php(363): CodeIgniter\CodeIgniter->run()
 6 SYSTEMPATH\Boot.php(68): CodeIgniter\Boot::runCodeIgniter(Object(CodeIgniter\CodeIgniter))
 7 FCPATH\index.php(59): CodeIgniter\Boot::bootWeb(Object(Config\Paths))
CRITICAL - 2025-08-31 18:00:01 --> CodeIgniter\Filters\Exceptions\FilterException: "auth" filter must have a matching alias defined.
[Method: GET, Route: sales]
in SYSTEMPATH\Filters\Filters.php on line 590.
 1 SYSTEMPATH\Filters\Filters.php(590): CodeIgniter\Filters\Exceptions\FilterException::forNoAlias('auth')
 2 SYSTEMPATH\Filters\Filters.php(641): CodeIgniter\Filters\Filters->enableFilter('auth', 'before')
 3 SYSTEMPATH\CodeIgniter.php(467): CodeIgniter\Filters\Filters->enableFilters([...], 'before')
 4 SYSTEMPATH\CodeIgniter.php(354): CodeIgniter\CodeIgniter->handleRequest(null, Object(Config\Cache), false)
 5 SYSTEMPATH\Boot.php(363): CodeIgniter\CodeIgniter->run()
 6 SYSTEMPATH\Boot.php(68): CodeIgniter\Boot::runCodeIgniter(Object(CodeIgniter\CodeIgniter))
 7 FCPATH\index.php(59): CodeIgniter\Boot::bootWeb(Object(Config\Paths))
CRITICAL - 2025-08-31 18:00:03 --> CodeIgniter\Filters\Exceptions\FilterException: "auth" filter must have a matching alias defined.
[Method: GET, Route: reports]
in SYSTEMPATH\Filters\Filters.php on line 590.
 1 SYSTEMPATH\Filters\Filters.php(590): CodeIgniter\Filters\Exceptions\FilterException::forNoAlias('auth')
 2 SYSTEMPATH\Filters\Filters.php(641): CodeIgniter\Filters\Filters->enableFilter('auth', 'before')
 3 SYSTEMPATH\CodeIgniter.php(467): CodeIgniter\Filters\Filters->enableFilters([...], 'before')
 4 SYSTEMPATH\CodeIgniter.php(354): CodeIgniter\CodeIgniter->handleRequest(null, Object(Config\Cache), false)
 5 SYSTEMPATH\Boot.php(363): CodeIgniter\CodeIgniter->run()
 6 SYSTEMPATH\Boot.php(68): CodeIgniter\Boot::runCodeIgniter(Object(CodeIgniter\CodeIgniter))
 7 FCPATH\index.php(59): CodeIgniter\Boot::bootWeb(Object(Config\Paths))
CRITICAL - 2025-08-31 18:00:05 --> CodeIgniter\View\Exceptions\ViewException: Invalid file: "auth/change_password.php"
[Method: GET, Route: auth/change-password]
in SYSTEMPATH\Exceptions\FrameworkException.php on line 39.
 1 SYSTEMPATH\View\View.php(214): CodeIgniter\Exceptions\FrameworkException::forInvalidFile('auth/change_password.php')
 2 SYSTEMPATH\Common.php(1167): CodeIgniter\View\View->render('auth/change_password', [], true)
 3 APPPATH\Controllers\AuthController.php(93): view('auth/change_password')
 4 SYSTEMPATH\CodeIgniter.php(933): App\Controllers\AuthController->changePassword()
 5 SYSTEMPATH\CodeIgniter.php(507): CodeIgniter\CodeIgniter->runController(Object(App\Controllers\AuthController))
 6 SYSTEMPATH\CodeIgniter.php(354): CodeIgniter\CodeIgniter->handleRequest(null, Object(Config\Cache), false)
 7 SYSTEMPATH\Boot.php(363): CodeIgniter\CodeIgniter->run()
 8 SYSTEMPATH\Boot.php(68): CodeIgniter\Boot::runCodeIgniter(Object(CodeIgniter\CodeIgniter))
 9 FCPATH\index.php(59): CodeIgniter\Boot::bootWeb(Object(Config\Paths))
CRITICAL - 2025-08-31 18:00:31 --> CodeIgniter\Filters\Exceptions\FilterException: "auth" filter must have a matching alias defined.
[Method: GET, Route: reports]
in SYSTEMPATH\Filters\Filters.php on line 590.
 1 SYSTEMPATH\Filters\Filters.php(590): CodeIgniter\Filters\Exceptions\FilterException::forNoAlias('auth')
 2 SYSTEMPATH\Filters\Filters.php(641): CodeIgniter\Filters\Filters->enableFilter('auth', 'before')
 3 SYSTEMPATH\CodeIgniter.php(467): CodeIgniter\Filters\Filters->enableFilters([...], 'before')
 4 SYSTEMPATH\CodeIgniter.php(354): CodeIgniter\CodeIgniter->handleRequest(null, Object(Config\Cache), false)
 5 SYSTEMPATH\Boot.php(363): CodeIgniter\CodeIgniter->run()
 6 SYSTEMPATH\Boot.php(68): CodeIgniter\Boot::runCodeIgniter(Object(CodeIgniter\CodeIgniter))
 7 FCPATH\index.php(59): CodeIgniter\Boot::bootWeb(Object(Config\Paths))
CRITICAL - 2025-08-31 18:01:04 --> ErrorException: Cannot make non static method App\Controllers\BaseController::requireAuth() static in class App\Controllers\AuthController
[Method: GET, Route: dashboard/data]
in APPPATH\Controllers\AuthController.php on line 174.
 1 [internal function]: CodeIgniter\Debug\Exceptions->shutdownHandler()
CRITICAL - 2025-08-31 18:01:34 --> ErrorException: Cannot make non static method App\Controllers\BaseController::requireAuth() static in class App\Controllers\AuthController
[Method: GET, Route: dashboard/data]
in APPPATH\Controllers\AuthController.php on line 174.
 1 [internal function]: CodeIgniter\Debug\Exceptions->shutdownHandler()
CRITICAL - 2025-08-31 18:02:04 --> ErrorException: Cannot make non static method App\Controllers\BaseController::requireAuth() static in class App\Controllers\AuthController
[Method: GET, Route: dashboard/data]
in APPPATH\Controllers\AuthController.php on line 174.
 1 [internal function]: CodeIgniter\Debug\Exceptions->shutdownHandler()
CRITICAL - 2025-08-31 18:02:34 --> ErrorException: Cannot make non static method App\Controllers\BaseController::requireAuth() static in class App\Controllers\AuthController
[Method: GET, Route: dashboard/data]
in APPPATH\Controllers\AuthController.php on line 174.
 1 [internal function]: CodeIgniter\Debug\Exceptions->shutdownHandler()
CRITICAL - 2025-08-31 18:03:04 --> ErrorException: Cannot make non static method App\Controllers\BaseController::requireAuth() static in class App\Controllers\AuthController
[Method: GET, Route: dashboard/data]
in APPPATH\Controllers\AuthController.php on line 174.
 1 [internal function]: CodeIgniter\Debug\Exceptions->shutdownHandler()
CRITICAL - 2025-08-31 18:03:34 --> ErrorException: Cannot make non static method App\Controllers\BaseController::requireAuth() static in class App\Controllers\AuthController
[Method: GET, Route: dashboard/data]
in APPPATH\Controllers\AuthController.php on line 174.
 1 [internal function]: CodeIgniter\Debug\Exceptions->shutdownHandler()
CRITICAL - 2025-08-31 18:04:04 --> ErrorException: Cannot make non static method App\Controllers\BaseController::requireAuth() static in class App\Controllers\AuthController
[Method: GET, Route: dashboard/data]
in APPPATH\Controllers\AuthController.php on line 174.
 1 [internal function]: CodeIgniter\Debug\Exceptions->shutdownHandler()
CRITICAL - 2025-08-31 18:04:34 --> ErrorException: Cannot make non static method App\Controllers\BaseController::requireAuth() static in class App\Controllers\AuthController
[Method: GET, Route: dashboard/data]
in APPPATH\Controllers\AuthController.php on line 174.
 1 [internal function]: CodeIgniter\Debug\Exceptions->shutdownHandler()
CRITICAL - 2025-08-31 18:05:04 --> ErrorException: Cannot make non static method App\Controllers\BaseController::requireAuth() static in class App\Controllers\AuthController
[Method: GET, Route: dashboard/data]
in APPPATH\Controllers\AuthController.php on line 174.
 1 [internal function]: CodeIgniter\Debug\Exceptions->shutdownHandler()
CRITICAL - 2025-08-31 18:05:34 --> ErrorException: Cannot make non static method App\Controllers\BaseController::requireAuth() static in class App\Controllers\AuthController
[Method: GET, Route: dashboard/data]
in APPPATH\Controllers\AuthController.php on line 174.
 1 [internal function]: CodeIgniter\Debug\Exceptions->shutdownHandler()
CRITICAL - 2025-08-31 18:06:04 --> ErrorException: Cannot make non static method App\Controllers\BaseController::requireAuth() static in class App\Controllers\AuthController
[Method: GET, Route: dashboard/data]
in APPPATH\Controllers\AuthController.php on line 174.
 1 [internal function]: CodeIgniter\Debug\Exceptions->shutdownHandler()
CRITICAL - 2025-08-31 18:06:22 --> ErrorException: Cannot make non static method App\Controllers\BaseController::requireAuth() static in class App\Controllers\AuthController
[Method: GET, Route: dashboard]
in APPPATH\Controllers\AuthController.php on line 174.
 1 [internal function]: CodeIgniter\Debug\Exceptions->shutdownHandler()
CRITICAL - 2025-08-31 18:06:24 --> ErrorException: Cannot make non static method App\Controllers\BaseController::requireAuth() static in class App\Controllers\AuthController
[Method: GET, Route: /]
in APPPATH\Controllers\AuthController.php on line 174.
 1 [internal function]: CodeIgniter\Debug\Exceptions->shutdownHandler()
CRITICAL - 2025-08-31 18:06:26 --> ErrorException: Cannot make non static method App\Controllers\BaseController::requireAuth() static in class App\Controllers\AuthController
[Method: GET, Route: auth]
in APPPATH\Controllers\AuthController.php on line 174.
 1 [internal function]: CodeIgniter\Debug\Exceptions->shutdownHandler()
CRITICAL - 2025-08-31 18:06:27 --> ErrorException: Cannot make non static method App\Controllers\BaseController::requireAuth() static in class App\Controllers\AuthController
[Method: GET, Route: dashboard]
in APPPATH\Controllers\AuthController.php on line 174.
 1 [internal function]: CodeIgniter\Debug\Exceptions->shutdownHandler()
CRITICAL - 2025-08-31 18:06:30 --> ErrorException: Cannot make non static method App\Controllers\BaseController::requireAuth() static in class App\Controllers\AuthController
[Method: GET, Route: /]
in APPPATH\Controllers\AuthController.php on line 174.
 1 [internal function]: CodeIgniter\Debug\Exceptions->shutdownHandler()
CRITICAL - 2025-08-31 18:06:37 --> CodeIgniter\View\Exceptions\ViewException: Invalid file: "errors/404.php"
[Method: GET, Route: logout]
in SYSTEMPATH\Exceptions\FrameworkException.php on line 39.
 1 SYSTEMPATH\View\View.php(214): CodeIgniter\Exceptions\FrameworkException::forInvalidFile('errors/404.php')
 2 SYSTEMPATH\Common.php(1167): CodeIgniter\View\View->render('errors/404', [], true)
 3 APPPATH\Config\Routes.php(85): view('errors/404')
 4 SYSTEMPATH\CodeIgniter.php(957): CodeIgniter\Router\RouteCollection->{closure}('Can\'t find a route for \'GET: logout\'.')
 5 SYSTEMPATH\CodeIgniter.php(360): CodeIgniter\CodeIgniter->display404errors(Object(CodeIgniter\Exceptions\PageNotFoundException))
 6 SYSTEMPATH\Boot.php(363): CodeIgniter\CodeIgniter->run()
 7 SYSTEMPATH\Boot.php(68): CodeIgniter\Boot::runCodeIgniter(Object(CodeIgniter\CodeIgniter))
 8 FCPATH\index.php(59): CodeIgniter\Boot::bootWeb(Object(Config\Paths))
CRITICAL - 2025-08-31 18:06:45 --> ErrorException: Cannot make non static method App\Controllers\BaseController::requireAuth() static in class App\Controllers\AuthController
[Method: GET, Route: /]
in APPPATH\Controllers\AuthController.php on line 174.
 1 [internal function]: CodeIgniter\Debug\Exceptions->shutdownHandler()
CRITICAL - 2025-08-31 18:06:51 --> ErrorException: Cannot make non static method App\Controllers\BaseController::requireAuth() static in class App\Controllers\AuthController
[Method: GET, Route: dashboard]
in APPPATH\Controllers\AuthController.php on line 174.
 1 [internal function]: CodeIgniter\Debug\Exceptions->shutdownHandler()
